#
# A fatal error has been detected by the Java Runtime Environment:
#
#  EXCEPTION_ACCESS_VIOLATION (0xc0000005) at pc=0x00007fff935c7a1c, pid=2560, tid=11312
#
# JRE version: OpenJDK Runtime Environment 18.9 (11.0.11+9) (build 11.0.11+9)
# Java VM: OpenJDK 64-Bit Server VM 18.9 (11.0.11+9, mixed mode, tiered, compressed oops, g1 gc, windows-amd64)
# Problematic frame:
# C  [xerces-c_3_2.dll+0x7a1c]
#
# No core dump will be written. Minidumps are not enabled by default on client versions of Windows
#
# If you would like to submit a bug report, please visit:
#   https://bugreport.java.com/bugreport/crash.jsp
# The crash happened outside the Java Virtual Machine in native code.
# See problematic frame for where to report the bug.
#

---------------  S U M M A R Y ------------

Command Line: -Dsun.java2d.pmoffscreen=false -Dhttps.protocols=TLSv1,TLSv1.1,TLSv1.2 -Dsun.java2d.xrender=false -Dsun.java2d.d3d=false -Dsun.awt.nopixfmt=true -Dsun.java2d.dpiaware=true -Dsun.java2d.uiScale.enabled=false -Xverify:none -Dswing.aatext=true -XX:-UsePerfData -Djdk.map.althashing.threshold=512 -XX:StringTableSize=4072 --add-opens=java.desktop/com.sun.awt=ALL-UNNAMED --add-opens=java.desktop/javax.swing.plaf.synth=ALL-UNNAMED --add-opens=java.base/java.nio=ALL-UNNAMED --add-opens=java.desktop/sun.swing=ALL-UNNAMED --add-opens=java.desktop/javax.swing=ALL-UNNAMED --add-opens=java.desktop/javax.swing.tree=ALL-UNNAMED --add-opens=java.desktop/javax.swing.plaf.basic=ALL-UNNAMED --add-opens=java.desktop/javax.swing.plaf.synth=ALL-UNNAMED --add-opens=java.desktop/javax.swing.plaf.basic=ALL-UNNAMED --add-opens=java.desktop/javax.swing=ALL-UNNAMED --add-opens=java.desktop/javax.swing.tree=ALL-UNNAMED --add-opens=java.desktop/java.awt.event=ALL-UNNAMED --add-exports=java.desktop/javax.swing.plaf.synth=ALL-UNNAMED --add-exports=java.base/java.nio=ALL-UNNAMED --add-exports=java.desktop/sun.swing=ALL-UNNAMED --add-exports=java.desktop/javax.swing=ALL-UNNAMED --add-exports=java.desktop/javax.swing.tree=ALL-UNNAMED --add-exports=java.desktop/javax.swing.plaf.basic=ALL-UNNAMED --add-exports=java.desktop/sun.swing=ALL-UNNAMED --add-exports=java.desktop/sun.swing.table=ALL-UNNAMED --add-exports=java.desktop/sun.swing.plaf.synth=ALL-UNNAMED --add-exports=java.desktop/sun.awt.shell=ALL-UNNAMED --add-exports=java.base/sun.security.action=ALL-UNNAMED --add-exports=java.desktop/sun.font=ALL-UNNAMED -XX:NewSize=60m -XX:MaxNewSize=60m -Xms256m -Xmx3072m -Xss5m 

Host: Intel(R) Core(TM) i5-1035G1 CPU @ 1.00GHz, 8 cores, 7G,  Windows 10 , 64 bit Build 22621 (10.0.22621.1778)
Time: Wed Jul  5 03:51:30 2023 India Standard Time elapsed time: 12.479183 seconds (0d 0h 0m 12s)

---------------  T H R E A D  ---------------

Current thread (0x000001b183a81800):  JavaThread "NewProject Thread" [_thread_in_native, id=11312, stack(0x00000058fe900000,0x00000058fee00000)]

Stack: [0x00000058fe900000,0x00000058fee00000],  sp=0x00000058fedfdff0,  free space=5111k
Native frames: (J=compiled Java code, j=interpreted, Vv=VM code, C=native code)
C  [xerces-c_3_2.dll+0x7a1c]
C  [xerces-c_3_2.dll+0x49d5f]
C  [librdi_common.dll+0x88a606]
C  [librdi_common.dll+0x888f2d]
C  [librdi_board.dll+0x47bb0]
C  [librdi_board.dll+0x3fbd4]
C  [librdi_board.dll+0x46355]
C  [librdi_boarddep.dll+0x5667]
C  [librdi_project.dll+0x3959ff]
C  0x000001b1e770f377

Java frames: (J=compiled Java code, j=interpreted, Vv=VM code)
j  ui.project.projecti.ProjUtils_createBoardPartIter(J)J+0
j  ui.data.a.R(Lui/project/m;)Ljava/util/List;+22
j  ui.views.c.t.g.DO()V+20
j  ui.views.i.aQy()Ljava/lang/Object;+4
j  ui.frmwork.y.run()V+23
j  java.lang.Thread.run()V+11 java.base@11.0.11
v  ~StubRoutines::call_stub

siginfo: EXCEPTION_ACCESS_VIOLATION (0xc0000005), reading address 0x0000000000000000


Register to memory mapping:

RIP=0x00007fff935c7a1c xerces-c_3_2.dll
RAX=0x00000058fedfe098 is pointing into the stack for thread: 0x000001b183a81800
RBX=0x00000058fedfe0a8 is pointing into the stack for thread: 0x000001b183a81800
RCX=0x00000058fedfe0a8 is pointing into the stack for thread: 0x000001b183a81800
RDX=0x0 is NULL
RSP=0x00000058fedfdff0 is pointing into the stack for thread: 0x000001b183a81800
RBP=0x00000058fedfe810 is pointing into the stack for thread: 0x000001b183a81800
RSI=0x00000058fedfe920 is pointing into the stack for thread: 0x000001b183a81800
RDI=0x0 is NULL
R8 =0x0 is NULL
R9 =0x0 is NULL
R10=0x0000000000000003 is an unknown value
R11=0x00000058fedfdf00 is pointing into the stack for thread: 0x000001b183a81800
R12=0x000000000000000f is an unknown value
R13=0x7fffffffffffffff is an unknown value
R14=0xffffffffffffffff is an unknown value
R15=0x0000000000000043 is an unknown value


Registers:
RAX=0x00000058fedfe098, RBX=0x00000058fedfe0a8, RCX=0x00000058fedfe0a8, RDX=0x0000000000000000
RSP=0x00000058fedfdff0, RBP=0x00000058fedfe810, RSI=0x00000058fedfe920, RDI=0x0000000000000000
R8 =0x0000000000000000, R9 =0x0000000000000000, R10=0x0000000000000003, R11=0x00000058fedfdf00
R12=0x000000000000000f, R13=0x7fffffffffffffff, R14=0xffffffffffffffff, R15=0x0000000000000043
RIP=0x00007fff935c7a1c, EFLAGS=0x0000000000010206

Top of Stack: (sp=0x00000058fedfdff0)
0x00000058fedfdff0:   0000000000000000 0000000000000000
0x00000058fedfe000:   000001b18936b700 0000000000000044
0x00000058fedfe010:   0000000000000000 00007fff93609d5f
0x00000058fedfe020:   00000058fedfe920 00007fff7d7136a4
0x00000058fedfe030:   00000000ffffffff 000001b1d2fc0000
0x00000058fedfe040:   0000000000000000 0000000000000000
0x00000058fedfe050:   fffffffffffffffe 0000000000000001
0x00000058fedfe060:   00000bf700000002 0000000064a49ad9
0x00000058fedfe070:   fffffffffffffffe 0000000063b04136
0x00000058fedfe080:   00000aa92ec7ae6a 00000058fedfe920
0x00000058fedfe090:   0000000000000000 00007fff7d89a606
0x00000058fedfe0a0:   0000000000000000 0000000000000000
0x00000058fedfe0b0:   0000000000000000 00000058fedfe920
0x00000058fedfe0c0:   000001b1d2f202ac 0000000000000030
0x00000058fedfe0d0:   000001b1d2f20db0 000001b18347ea20
0x00000058fedfe0e0:   00000058fedfe920 0000000000000020 

Instructions: (pc=0x00007fff935c7a1c)
0x00007fff935c791c:   18 48 8b 4b 18 4c 8d 04 7d 02 00 00 00 48 8b d6
0x00007fff935c792c:   48 8b 5c 24 30 48 8b 74 24 38 48 83 c4 20 5f e9
0x00007fff935c793c:   12 71 12 00 48 85 d2 75 08 45 33 c0 e9 23 00 00
0x00007fff935c794c:   00 4c 8b c2 41 0f b7 00 49 83 c0 02 66 85 c0 75
0x00007fff935c795c:   f3 4c 2b c2 49 d1 f8 49 ff c8 e9 05 00 00 00 cc
0x00007fff935c796c:   cc cc cc cc 48 89 5c 24 08 48 89 74 24 10 57 48
0x00007fff935c797c:   83 ec 20 49 8b f8 48 8b f2 48 8b d9 4c 3b 41 10
0x00007fff935c798c:   72 2f 48 8b 49 28 48 8b 53 20 48 8b 01 ff 50 18
0x00007fff935c799c:   48 8b 4b 28 48 8d 57 01 48 89 53 10 48 03 d2 48
0x00007fff935c79ac:   c7 43 20 00 00 00 00 48 8b 01 ff 50 10 48 89 43
0x00007fff935c79bc:   20 48 8b 4b 20 4c 8d 04 7d 02 00 00 00 48 8b d6
0x00007fff935c79cc:   48 8b 5c 24 30 48 8b 74 24 38 48 83 c4 20 5f e9
0x00007fff935c79dc:   72 70 12 00 40 53 48 83 ec 20 48 8b d9 48 c7 01
0x00007fff935c79ec:   00 00 00 00 48 89 51 08 48 8b ca e8 64 13 00 00
0x00007fff935c79fc:   48 89 03 48 8b c3 48 83 c4 20 5b c3 cc cc cc cc
0x00007fff935c7a0c:   cc cc cc cc 40 53 48 83 ec 20 48 8b d9 48 89 11
0x00007fff935c7a1c:   48 8b 0a e8 ac 12 00 00 48 8b c3 48 83 c4 20 5b
0x00007fff935c7a2c:   c3 cc cc cc 40 53 48 83 ec 30 48 c7 44 24 20 fe
0x00007fff935c7a3c:   ff ff ff 48 8b d9 48 8b 09 48 85 c9 74 11 48 8b
0x00007fff935c7a4c:   53 08 e8 7d 0d 00 00 90 48 c7 03 00 00 00 00 48
0x00007fff935c7a5c:   83 c4 30 5b c3 cc cc cc cc cc cc cc cc cc cc cc
0x00007fff935c7a6c:   cc cc cc cc 48 83 ec 38 48 c7 44 24 20 fe ff ff
0x00007fff935c7a7c:   ff 48 8b 09 48 8b 09 e8 48 1b 00 00 90 48 83 c4
0x00007fff935c7a8c:   38 c3 cc cc 40 53 48 83 ec 20 48 8b d9 48 8b 0d
0x00007fff935c7a9c:   c0 22 2a 00 48 c7 03 00 00 00 00 48 89 4b 08 e8
0x00007fff935c7aac:   b0 12 00 00 48 89 03 48 83 c4 20 5b c3 cc cc cc
0x00007fff935c7abc:   cc cc cc cc 48 8b 09 e9 08 12 00 00 cc cc cc cc
0x00007fff935c7acc:   cc cc cc cc 48 8b 09 e9 f8 1a 00 00 cc cc cc cc
0x00007fff935c7adc:   cc cc cc cc 83 f9 08 77 56 48 63 c1 48 8d 15 11
0x00007fff935c7aec:   85 ff ff 8b 8c 82 44 7b 00 00 48 03 ca ff e1 48
0x00007fff935c7afc:   8d 05 46 6d 14 00 c3 48 8d 05 66 6d 14 00 c3 48
0x00007fff935c7b0c:   8d 05 8e 6d 14 00 c3 48 8d 05 a6 6d 14 00 c3 48 


Stack slot to memory mapping:
stack at sp + 0 slots: 0x0 is NULL
stack at sp + 1 slots: 0x0 is NULL
stack at sp + 2 slots: 0x000001b18936b700 points into unknown readable memory: 0x005c003f003f005c | 5c 00 3f 00 3f 00 5c 00
stack at sp + 3 slots: 0x0000000000000044 is an unknown value
stack at sp + 4 slots: 0x0 is NULL
stack at sp + 5 slots: 0x00007fff93609d5f xerces-c_3_2.dll
stack at sp + 6 slots: 0x00000058fedfe920 is pointing into the stack for thread: 0x000001b183a81800
stack at sp + 7 slots: 0x00007fff7d7136a4 librdi_common.dll


---------------  P R O C E S S  ---------------

Threads class SMR info:
_java_thread_list=0x000001b183d936f0, length=29, elements={
0x000001b1dec8b800, 0x000001b1def41800, 0x000001b1def45000, 0x000001b1def60000,
0x000001b1def61000, 0x000001b1def63800, 0x000001b1def6b800, 0x000001b1def6c800,
0x000001b1def6f800, 0x000001b1fe7fb800, 0x000001b1ff07e800, 0x000001b1ff127800,
0x000001b181ba9000, 0x000001b181af5000, 0x000001b182993000, 0x000001b182b1b000,
0x000001b182d4c000, 0x000001b181e23800, 0x000001b183a80000, 0x000001b183a81000,
0x000001b183a7f000, 0x000001b182547800, 0x000001b182922000, 0x000001b183a81800,
0x000001b183a82800, 0x000001b183a7c800, 0x000001b183a83800, 0x000001b183a7d800,
0x000001b183a7e800
}

Java Threads: ( => current thread )
  0x000001b1dec8b800 JavaThread "main" [_thread_blocked, id=18520, stack(0x00000058f7c00000,0x00000058f7d00000)]
  0x000001b1def41800 JavaThread "Reference Handler" daemon [_thread_blocked, id=20880, stack(0x00000058f8300000,0x00000058f8800000)]
  0x000001b1def45000 JavaThread "Finalizer" daemon [_thread_blocked, id=21620, stack(0x00000058f8800000,0x00000058f8d00000)]
  0x000001b1def60000 JavaThread "Signal Dispatcher" daemon [_thread_blocked, id=1904, stack(0x00000058f8d00000,0x00000058f9200000)]
  0x000001b1def61000 JavaThread "Attach Listener" daemon [_thread_blocked, id=3144, stack(0x00000058f9200000,0x00000058f9700000)]
  0x000001b1def63800 JavaThread "Service Thread" daemon [_thread_blocked, id=22344, stack(0x00000058f9700000,0x00000058f9c00000)]
  0x000001b1def6b800 JavaThread "C2 CompilerThread0" daemon [_thread_blocked, id=5408, stack(0x00000058f9c00000,0x00000058f9d00000)]
  0x000001b1def6c800 JavaThread "C1 CompilerThread0" daemon [_thread_blocked, id=21792, stack(0x00000058f9d00000,0x00000058f9e00000)]
  0x000001b1def6f800 JavaThread "Sweeper thread" daemon [_thread_blocked, id=18748, stack(0x00000058f9e00000,0x00000058fa300000)]
  0x000001b1fe7fb800 JavaThread "Common-Cleaner" daemon [_thread_blocked, id=4488, stack(0x00000058fa300000,0x00000058fa800000)]
  0x000001b1ff07e800 JavaThread "Java2D Disposer" daemon [_thread_blocked, id=18332, stack(0x00000058fa900000,0x00000058fae00000)]
  0x000001b1ff127800 JavaThread "AWT-Windows" daemon [_thread_in_native, id=2804, stack(0x00000058fb300000,0x00000058fb800000)]
  0x000001b181ba9000 JavaThread "TimerQueue" daemon [_thread_blocked, id=20396, stack(0x00000058fc100000,0x00000058fc600000)]
  0x000001b181af5000 JavaThread "Thread-0" daemon [_thread_blocked, id=8084, stack(0x00000058fc600000,0x00000058fcb00000)]
  0x000001b182993000 JavaThread "AWT-Shutdown" [_thread_blocked, id=19904, stack(0x00000058fcb00000,0x00000058fd000000)]
  0x000001b182b1b000 JavaThread "AWT-EventQueue-0" [_thread_blocked, id=12852, stack(0x00000058fd000000,0x00000058fd500000)]
  0x000001b182d4c000 JavaThread "Thread-1" [_thread_in_native, id=8336, stack(0x00000058f6400000,0x00000058f7800000)]
  0x000001b181e23800 JavaThread "Process Messages Thread" [_thread_blocked, id=8136, stack(0x00000058fda00000,0x00000058fdf00000)]
  0x000001b183a80000 JavaThread "Batik CleanerThread" daemon [_thread_blocked, id=21424, stack(0x00000058fd500000,0x00000058fda00000)]
  0x000001b183a81000 JavaThread "Image Fetcher 3" daemon [_thread_blocked, id=13284, stack(0x00000058fdf00000,0x00000058fe400000)]
  0x000001b183a7f000 JavaThread "SyntheticaCleanerThread" daemon [_thread_blocked, id=21960, stack(0x00000058fe400000,0x00000058fe900000)]
  0x000001b182547800 JavaThread "C2 CompilerThread1" daemon [_thread_blocked, id=17944, stack(0x00000058fae00000,0x00000058faf00000)]
  0x000001b182922000 JavaThread "C2 CompilerThread2" daemon [_thread_blocked, id=13528, stack(0x00000058fb200000,0x00000058fb300000)]
=>0x000001b183a81800 JavaThread "NewProject Thread" [_thread_in_native, id=11312, stack(0x00000058fe900000,0x00000058fee00000)]
  0x000001b183a82800 JavaThread "Monitor HEventQueue Thread" [_thread_blocked, id=9548, stack(0x00000058fef00000,0x00000058ff400000)]
  0x000001b183a7c800 JavaThread "SyntheticaAnimation 50" daemon [_thread_blocked, id=11644, stack(0x00000058ff400000,0x00000058ff900000)]
  0x000001b183a83800 JavaThread "SyntheticaAnimation 25" daemon [_thread_blocked, id=19864, stack(0x00000058ff900000,0x00000058ffe00000)]
  0x000001b183a7d800 JavaThread "Open Project Thread" [_thread_in_native, id=21724, stack(0x0000005880000000,0x0000005880500000)]
  0x000001b183a7e800 JavaThread "SyntheticaAnimation 70" daemon [_thread_blocked, id=22212, stack(0x0000005880500000,0x0000005880a00000)]

Other Threads:
  0x000001b1def3b000 VMThread "VM Thread" [stack: 0x00000058f8200000,0x00000058f8300000] [id=8884]
  0x000001b1fe7f8000 WatcherThread [stack: 0x00000058fa800000,0x00000058fa900000] [id=14876]
  0x000001b1dec9b800 GCTaskThread "GC Thread#0" [stack: 0x00000058f7d00000,0x00000058f7e00000] [id=4560]
  0x000001b1ff6c8000 GCTaskThread "GC Thread#1" [stack: 0x00000058fba00000,0x00000058fbb00000] [id=10920]
  0x000001b181713800 GCTaskThread "GC Thread#2" [stack: 0x00000058fbb00000,0x00000058fbc00000] [id=18400]
  0x000001b18180c000 GCTaskThread "GC Thread#3" [stack: 0x00000058fbc00000,0x00000058fbd00000] [id=12656]
  0x000001b18180c800 GCTaskThread "GC Thread#4" [stack: 0x00000058fbd00000,0x00000058fbe00000] [id=21612]
  0x000001b181732000 GCTaskThread "GC Thread#5" [stack: 0x00000058fbe00000,0x00000058fbf00000] [id=9832]
  0x000001b181e6f000 GCTaskThread "GC Thread#6" [stack: 0x00000058faf00000,0x00000058fb000000] [id=10088]
  0x000001b1826b8000 GCTaskThread "GC Thread#7" [stack: 0x00000058fb000000,0x00000058fb100000] [id=13248]
  0x000001b1dece8000 ConcurrentGCThread "G1 Main Marker" [stack: 0x00000058f7e00000,0x00000058f7f00000] [id=21652]
  0x000001b1dece9800 ConcurrentGCThread "G1 Conc#0" [stack: 0x00000058f7f00000,0x00000058f8000000] [id=19872]
  0x000001b182c26000 ConcurrentGCThread "G1 Conc#1" [stack: 0x00000058fb100000,0x00000058fb200000] [id=13848]
  0x000001b1dedfb800 ConcurrentGCThread "G1 Refine#0" [stack: 0x00000058f8000000,0x00000058f8100000] [id=1892]
  0x000001b181092000 ConcurrentGCThread "G1 Refine#1" [stack: 0x00000058fbf00000,0x00000058fc000000] [id=20420]
  0x000001b181585000 ConcurrentGCThread "G1 Refine#2" [stack: 0x00000058fc000000,0x00000058fc100000] [id=11276]
  0x000001b1dedfc800 ConcurrentGCThread "G1 Young RemSet Sampling" [stack: 0x00000058f8100000,0x00000058f8200000] [id=13152]

Threads with active compile tasks:

VM state:not at safepoint (normal execution)

VM Mutex/Monitor currently owned by a thread: None

Heap address: 0x0000000740000000, size: 3072 MB, Compressed Oops mode: Zero based, Oop shift amount: 3
Narrow klass base: 0x0000000800000000, Narrow klass shift: 0
Compressed class space size: 1073741824 Address: 0x0000000800000000

Heap:
 garbage-first heap   total 262144K, used 89382K [0x0000000740000000, 0x0000000800000000)
  region size 1024K, 13 young (13312K), 3 survivors (3072K)
 Metaspace       used 60220K, capacity 61529K, committed 61704K, reserved 1103872K
  class space    used 7506K, capacity 8066K, committed 8192K, reserved 1048576K
Heap Regions: E=young(eden), S=young(survivor), O=old, HS=humongous(starts), HC=humongous(continues), CS=collection set, F=free, A=archive, TAMS=top-at-mark-start (previous, next)
|   0|0x0000000740000000, 0x0000000740100000, 0x0000000740100000|100%|HS|  |TAMS 0x0000000740100000, 0x0000000740000000| Complete 
|   1|0x0000000740100000, 0x0000000740200000, 0x0000000740200000|100%|HC|  |TAMS 0x0000000740200000, 0x0000000740100000| Complete 
|   2|0x0000000740200000, 0x0000000740300000, 0x0000000740300000|100%|HS|  |TAMS 0x0000000740300000, 0x0000000740200000| Complete 
|   3|0x0000000740300000, 0x0000000740400000, 0x0000000740400000|100%| O|  |TAMS 0x0000000740400000, 0x0000000740300000| Untracked 
|   4|0x0000000740400000, 0x0000000740500000, 0x0000000740500000|100%| O|  |TAMS 0x0000000740500000, 0x0000000740400000| Untracked 
|   5|0x0000000740500000, 0x0000000740600000, 0x0000000740600000|100%| O|  |TAMS 0x0000000740600000, 0x0000000740500000| Untracked 
|   6|0x0000000740600000, 0x0000000740700000, 0x0000000740700000|100%| O|  |TAMS 0x0000000740700000, 0x0000000740600000| Untracked 
|   7|0x0000000740700000, 0x0000000740800000, 0x0000000740800000|100%| O|  |TAMS 0x0000000740800000, 0x0000000740700000| Untracked 
|   8|0x0000000740800000, 0x0000000740900000, 0x0000000740900000|100%| O|  |TAMS 0x0000000740900000, 0x0000000740800000| Untracked 
|   9|0x0000000740900000, 0x0000000740a00000, 0x0000000740a00000|100%| O|  |TAMS 0x0000000740a00000, 0x0000000740900000| Untracked 
|  10|0x0000000740a00000, 0x0000000740b00000, 0x0000000740b00000|100%| O|  |TAMS 0x0000000740b00000, 0x0000000740a00000| Untracked 
|  11|0x0000000740b00000, 0x0000000740c00000, 0x0000000740c00000|100%| O|  |TAMS 0x0000000740c00000, 0x0000000740b00000| Untracked 
|  12|0x0000000740c00000, 0x0000000740d00000, 0x0000000740d00000|100%| O|  |TAMS 0x0000000740d00000, 0x0000000740c00000| Untracked 
|  13|0x0000000740d00000, 0x0000000740e00000, 0x0000000740e00000|100%| O|  |TAMS 0x0000000740e00000, 0x0000000740d00000| Untracked 
|  14|0x0000000740e00000, 0x0000000740f00000, 0x0000000740f00000|100%| O|  |TAMS 0x0000000740f00000, 0x0000000740e00000| Untracked 
|  15|0x0000000740f00000, 0x0000000741000000, 0x0000000741000000|100%| O|  |TAMS 0x0000000741000000, 0x0000000740f00000| Untracked 
|  16|0x0000000741000000, 0x0000000741100000, 0x0000000741100000|100%| O|  |TAMS 0x0000000741100000, 0x0000000741000000| Untracked 
|  17|0x0000000741100000, 0x0000000741200000, 0x0000000741200000|100%| O|  |TAMS 0x0000000741200000, 0x0000000741100000| Untracked 
|  18|0x0000000741200000, 0x0000000741300000, 0x0000000741300000|100%| O|  |TAMS 0x0000000741300000, 0x0000000741200000| Untracked 
|  19|0x0000000741300000, 0x0000000741400000, 0x0000000741400000|100%| O|  |TAMS 0x0000000741400000, 0x0000000741300000| Untracked 
|  20|0x0000000741400000, 0x0000000741500000, 0x0000000741500000|100%| O|  |TAMS 0x0000000741500000, 0x0000000741400000| Untracked 
|  21|0x0000000741500000, 0x0000000741600000, 0x0000000741600000|100%| O|  |TAMS 0x0000000741600000, 0x0000000741500000| Untracked 
|  22|0x0000000741600000, 0x0000000741700000, 0x0000000741700000|100%| O|  |TAMS 0x0000000741700000, 0x0000000741600000| Untracked 
|  23|0x0000000741700000, 0x0000000741800000, 0x0000000741800000|100%| O|  |TAMS 0x0000000741800000, 0x0000000741700000| Untracked 
|  24|0x0000000741800000, 0x0000000741900000, 0x0000000741900000|100%| O|  |TAMS 0x0000000741900000, 0x0000000741800000| Untracked 
|  25|0x0000000741900000, 0x0000000741a00000, 0x0000000741a00000|100%| O|  |TAMS 0x0000000741a00000, 0x0000000741900000| Untracked 
|  26|0x0000000741a00000, 0x0000000741b00000, 0x0000000741b00000|100%|HS|  |TAMS 0x0000000741b00000, 0x0000000741a00000| Complete 
|  27|0x0000000741b00000, 0x0000000741c00000, 0x0000000741c00000|100%|HC|  |TAMS 0x0000000741c00000, 0x0000000741b00000| Complete 
|  28|0x0000000741c00000, 0x0000000741d00000, 0x0000000741d00000|100%|HS|  |TAMS 0x0000000741d00000, 0x0000000741c00000| Complete 
|  29|0x0000000741d00000, 0x0000000741e00000, 0x0000000741e00000|100%|HC|  |TAMS 0x0000000741e00000, 0x0000000741d00000| Complete 
|  30|0x0000000741e00000, 0x0000000741f00000, 0x0000000741f00000|100%| O|  |TAMS 0x0000000741f00000, 0x0000000741e00000| Untracked 
|  31|0x0000000741f00000, 0x0000000742000000, 0x0000000742000000|100%| O|  |TAMS 0x0000000742000000, 0x0000000741f00000| Untracked 
|  32|0x0000000742000000, 0x0000000742100000, 0x0000000742100000|100%| O|  |TAMS 0x0000000742100000, 0x0000000742000000| Untracked 
|  33|0x0000000742100000, 0x0000000742200000, 0x0000000742200000|100%| O|  |TAMS 0x0000000742200000, 0x0000000742100000| Untracked 
|  34|0x0000000742200000, 0x0000000742300000, 0x0000000742300000|100%| O|  |TAMS 0x0000000742300000, 0x0000000742200000| Untracked 
|  35|0x0000000742300000, 0x0000000742400000, 0x0000000742400000|100%| O|  |TAMS 0x0000000742400000, 0x0000000742300000| Untracked 
|  36|0x0000000742400000, 0x0000000742500000, 0x0000000742500000|100%| O|  |TAMS 0x0000000742500000, 0x0000000742400000| Untracked 
|  37|0x0000000742500000, 0x0000000742600000, 0x0000000742600000|100%| O|  |TAMS 0x0000000742600000, 0x0000000742500000| Untracked 
|  38|0x0000000742600000, 0x0000000742700000, 0x0000000742700000|100%| O|  |TAMS 0x0000000742700000, 0x0000000742600000| Untracked 
|  39|0x0000000742700000, 0x0000000742800000, 0x0000000742800000|100%| O|  |TAMS 0x0000000742800000, 0x0000000742700000| Untracked 
|  40|0x0000000742800000, 0x0000000742900000, 0x0000000742900000|100%| O|  |TAMS 0x0000000742900000, 0x0000000742800000| Untracked 
|  41|0x0000000742900000, 0x0000000742a00000, 0x0000000742a00000|100%| O|  |TAMS 0x0000000742a00000, 0x0000000742900000| Untracked 
|  42|0x0000000742a00000, 0x0000000742b00000, 0x0000000742b00000|100%| O|  |TAMS 0x0000000742b00000, 0x0000000742a00000| Untracked 
|  43|0x0000000742b00000, 0x0000000742c00000, 0x0000000742c00000|100%| O|  |TAMS 0x0000000742c00000, 0x0000000742b00000| Untracked 
|  44|0x0000000742c00000, 0x0000000742d00000, 0x0000000742d00000|100%|HS|  |TAMS 0x0000000742d00000, 0x0000000742c00000| Complete 
|  45|0x0000000742d00000, 0x0000000742e00000, 0x0000000742e00000|100%|HC|  |TAMS 0x0000000742e00000, 0x0000000742d00000| Complete 
|  46|0x0000000742e00000, 0x0000000742f00000, 0x0000000742f00000|100%|HC|  |TAMS 0x0000000742f00000, 0x0000000742e00000| Complete 
|  47|0x0000000742f00000, 0x0000000743000000, 0x0000000743000000|100%|HC|  |TAMS 0x0000000743000000, 0x0000000742f00000| Complete 
|  48|0x0000000743000000, 0x0000000743100000, 0x0000000743100000|100%|HC|  |TAMS 0x0000000743100000, 0x0000000743000000| Complete 
|  49|0x0000000743100000, 0x0000000743200000, 0x0000000743200000|100%|HC|  |TAMS 0x0000000743200000, 0x0000000743100000| Complete 
|  50|0x0000000743200000, 0x0000000743300000, 0x0000000743300000|100%|HC|  |TAMS 0x0000000743300000, 0x0000000743200000| Complete 
|  51|0x0000000743300000, 0x0000000743400000, 0x0000000743400000|100%|HC|  |TAMS 0x0000000743400000, 0x0000000743300000| Complete 
|  52|0x0000000743400000, 0x0000000743500000, 0x0000000743500000|100%|HC|  |TAMS 0x0000000743500000, 0x0000000743400000| Complete 
|  53|0x0000000743500000, 0x0000000743600000, 0x0000000743600000|100%|HC|  |TAMS 0x0000000743600000, 0x0000000743500000| Complete 
|  54|0x0000000743600000, 0x0000000743700000, 0x0000000743700000|100%|HC|  |TAMS 0x0000000743700000, 0x0000000743600000| Complete 
|  55|0x0000000743700000, 0x0000000743800000, 0x0000000743800000|100%|HC|  |TAMS 0x0000000743800000, 0x0000000743700000| Complete 
|  56|0x0000000743800000, 0x0000000743800000, 0x0000000743900000|  0%| F|  |TAMS 0x0000000743800000, 0x0000000743800000| Untracked 
|  57|0x0000000743900000, 0x0000000743900000, 0x0000000743a00000|  0%| F|  |TAMS 0x0000000743900000, 0x0000000743900000| Untracked 
|  58|0x0000000743a00000, 0x0000000743b00000, 0x0000000743b00000|100%|HS|  |TAMS 0x0000000743b00000, 0x0000000743a00000| Complete 
|  59|0x0000000743b00000, 0x0000000743b00000, 0x0000000743c00000|  0%| F|  |TAMS 0x0000000743b00000, 0x0000000743b00000| Untracked 
|  60|0x0000000743c00000, 0x0000000743c00000, 0x0000000743d00000|  0%| F|  |TAMS 0x0000000743c00000, 0x0000000743c00000| Untracked 
|  61|0x0000000743d00000, 0x0000000743e00000, 0x0000000743e00000|100%|HS|  |TAMS 0x0000000743e00000, 0x0000000743d00000| Complete 
|  62|0x0000000743e00000, 0x0000000743f00000, 0x0000000743f00000|100%| O|  |TAMS 0x0000000743f00000, 0x0000000743e00000| Untracked 
|  63|0x0000000743f00000, 0x0000000744000000, 0x0000000744000000|100%| O|  |TAMS 0x0000000744000000, 0x0000000743f00000| Untracked 
|  64|0x0000000744000000, 0x0000000744100000, 0x0000000744100000|100%| O|  |TAMS 0x0000000744100000, 0x0000000744000000| Untracked 
|  65|0x0000000744100000, 0x0000000744200000, 0x0000000744200000|100%| O|  |TAMS 0x0000000744200000, 0x0000000744100000| Untracked 
|  66|0x0000000744200000, 0x0000000744300000, 0x0000000744300000|100%| O|  |TAMS 0x0000000744300000, 0x0000000744200000| Untracked 
|  67|0x0000000744300000, 0x0000000744400000, 0x0000000744400000|100%| O|  |TAMS 0x0000000744400000, 0x0000000744300000| Untracked 
|  68|0x0000000744400000, 0x0000000744400000, 0x0000000744500000|  0%| F|  |TAMS 0x0000000744400000, 0x0000000744400000| Untracked 
|  69|0x0000000744500000, 0x0000000744600000, 0x0000000744600000|100%| O|  |TAMS 0x0000000744600000, 0x0000000744500000| Untracked 
|  70|0x0000000744600000, 0x0000000744700000, 0x0000000744700000|100%|HS|  |TAMS 0x0000000744700000, 0x0000000744600000| Complete 
|  71|0x0000000744700000, 0x0000000744800000, 0x0000000744800000|100%|HC|  |TAMS 0x0000000744800000, 0x0000000744700000| Complete 
|  72|0x0000000744800000, 0x0000000744900000, 0x0000000744900000|100%|HS|  |TAMS 0x0000000744900000, 0x0000000744800000| Complete 
|  73|0x0000000744900000, 0x0000000744a00000, 0x0000000744a00000|100%| O|  |TAMS 0x0000000744a00000, 0x0000000744900000| Untracked 
|  74|0x0000000744a00000, 0x0000000744b00000, 0x0000000744b00000|100%| O|  |TAMS 0x0000000744b00000, 0x0000000744a00000| Untracked 
|  75|0x0000000744b00000, 0x0000000744c00000, 0x0000000744c00000|100%| O|  |TAMS 0x0000000744c00000, 0x0000000744b00000| Untracked 
|  76|0x0000000744c00000, 0x0000000744d00000, 0x0000000744d00000|100%| O|  |TAMS 0x0000000744d00000, 0x0000000744c00000| Untracked 
|  77|0x0000000744d00000, 0x0000000744e00000, 0x0000000744e00000|100%| O|  |TAMS 0x0000000744e00000, 0x0000000744d00000| Untracked 
|  78|0x0000000744e00000, 0x0000000744f00000, 0x0000000744f00000|100%| O|  |TAMS 0x0000000744f00000, 0x0000000744e00000| Untracked 
|  79|0x0000000744f00000, 0x0000000745000000, 0x0000000745000000|100%| O|  |TAMS 0x0000000745000000, 0x0000000744f00000| Untracked 
|  80|0x0000000745000000, 0x00000007450dbc00, 0x0000000745100000| 85%| O|  |TAMS 0x00000007450dbc00, 0x0000000745000000| Untracked 
|  81|0x0000000745100000, 0x0000000745100000, 0x0000000745200000|  0%| F|  |TAMS 0x0000000745100000, 0x0000000745100000| Untracked 
|  82|0x0000000745200000, 0x0000000745200000, 0x0000000745300000|  0%| F|  |TAMS 0x0000000745200000, 0x0000000745200000| Untracked 
|  83|0x0000000745300000, 0x0000000745300000, 0x0000000745400000|  0%| F|  |TAMS 0x0000000745300000, 0x0000000745300000| Untracked 
|  84|0x0000000745400000, 0x0000000745400000, 0x0000000745500000|  0%| F|  |TAMS 0x0000000745400000, 0x0000000745400000| Untracked 
|  85|0x0000000745500000, 0x0000000745500000, 0x0000000745600000|  0%| F|  |TAMS 0x0000000745500000, 0x0000000745500000| Untracked 
|  86|0x0000000745600000, 0x0000000745600000, 0x0000000745700000|  0%| F|  |TAMS 0x0000000745600000, 0x0000000745600000| Untracked 
|  87|0x0000000745700000, 0x0000000745700000, 0x0000000745800000|  0%| F|  |TAMS 0x0000000745700000, 0x0000000745700000| Untracked 
|  88|0x0000000745800000, 0x0000000745800000, 0x0000000745900000|  0%| F|  |TAMS 0x0000000745800000, 0x0000000745800000| Untracked 
|  89|0x0000000745900000, 0x0000000745900000, 0x0000000745a00000|  0%| F|  |TAMS 0x0000000745900000, 0x0000000745900000| Untracked 
|  90|0x0000000745a00000, 0x0000000745a00000, 0x0000000745b00000|  0%| F|  |TAMS 0x0000000745a00000, 0x0000000745a00000| Untracked 
|  91|0x0000000745b00000, 0x0000000745b00000, 0x0000000745c00000|  0%| F|  |TAMS 0x0000000745b00000, 0x0000000745b00000| Untracked 
|  92|0x0000000745c00000, 0x0000000745c00000, 0x0000000745d00000|  0%| F|  |TAMS 0x0000000745c00000, 0x0000000745c00000| Untracked 
|  93|0x0000000745d00000, 0x0000000745d00000, 0x0000000745e00000|  0%| F|  |TAMS 0x0000000745d00000, 0x0000000745d00000| Untracked 
|  94|0x0000000745e00000, 0x0000000745e00000, 0x0000000745f00000|  0%| F|  |TAMS 0x0000000745e00000, 0x0000000745e00000| Untracked 
|  95|0x0000000745f00000, 0x0000000745f00000, 0x0000000746000000|  0%| F|  |TAMS 0x0000000745f00000, 0x0000000745f00000| Untracked 
|  96|0x0000000746000000, 0x0000000746000000, 0x0000000746100000|  0%| F|  |TAMS 0x0000000746000000, 0x0000000746000000| Untracked 
|  97|0x0000000746100000, 0x0000000746100000, 0x0000000746200000|  0%| F|  |TAMS 0x0000000746100000, 0x0000000746100000| Untracked 
|  98|0x0000000746200000, 0x0000000746200000, 0x0000000746300000|  0%| F|  |TAMS 0x0000000746200000, 0x0000000746200000| Untracked 
|  99|0x0000000746300000, 0x0000000746300000, 0x0000000746400000|  0%| F|  |TAMS 0x0000000746300000, 0x0000000746300000| Untracked 
| 100|0x0000000746400000, 0x0000000746400000, 0x0000000746500000|  0%| F|  |TAMS 0x0000000746400000, 0x0000000746400000| Untracked 
| 101|0x0000000746500000, 0x0000000746500000, 0x0000000746600000|  0%| F|  |TAMS 0x0000000746500000, 0x0000000746500000| Untracked 
| 102|0x0000000746600000, 0x0000000746600000, 0x0000000746700000|  0%| F|  |TAMS 0x0000000746600000, 0x0000000746600000| Untracked 
| 103|0x0000000746700000, 0x0000000746700000, 0x0000000746800000|  0%| F|  |TAMS 0x0000000746700000, 0x0000000746700000| Untracked 
| 104|0x0000000746800000, 0x0000000746800000, 0x0000000746900000|  0%| F|  |TAMS 0x0000000746800000, 0x0000000746800000| Untracked 
| 105|0x0000000746900000, 0x0000000746900000, 0x0000000746a00000|  0%| F|  |TAMS 0x0000000746900000, 0x0000000746900000| Untracked 
| 106|0x0000000746a00000, 0x0000000746a00000, 0x0000000746b00000|  0%| F|  |TAMS 0x0000000746a00000, 0x0000000746a00000| Untracked 
| 107|0x0000000746b00000, 0x0000000746b00000, 0x0000000746c00000|  0%| F|  |TAMS 0x0000000746b00000, 0x0000000746b00000| Untracked 
| 108|0x0000000746c00000, 0x0000000746c00000, 0x0000000746d00000|  0%| F|  |TAMS 0x0000000746c00000, 0x0000000746c00000| Untracked 
| 109|0x0000000746d00000, 0x0000000746d00000, 0x0000000746e00000|  0%| F|  |TAMS 0x0000000746d00000, 0x0000000746d00000| Untracked 
| 110|0x0000000746e00000, 0x0000000746e00000, 0x0000000746f00000|  0%| F|  |TAMS 0x0000000746e00000, 0x0000000746e00000| Untracked 
| 111|0x0000000746f00000, 0x0000000746f00000, 0x0000000747000000|  0%| F|  |TAMS 0x0000000746f00000, 0x0000000746f00000| Untracked 
| 112|0x0000000747000000, 0x0000000747000000, 0x0000000747100000|  0%| F|  |TAMS 0x0000000747000000, 0x0000000747000000| Untracked 
| 113|0x0000000747100000, 0x0000000747100000, 0x0000000747200000|  0%| F|  |TAMS 0x0000000747100000, 0x0000000747100000| Untracked 
| 114|0x0000000747200000, 0x0000000747200000, 0x0000000747300000|  0%| F|  |TAMS 0x0000000747200000, 0x0000000747200000| Untracked 
| 115|0x0000000747300000, 0x0000000747300000, 0x0000000747400000|  0%| F|  |TAMS 0x0000000747300000, 0x0000000747300000| Untracked 
| 116|0x0000000747400000, 0x0000000747400000, 0x0000000747500000|  0%| F|  |TAMS 0x0000000747400000, 0x0000000747400000| Untracked 
| 117|0x0000000747500000, 0x0000000747500000, 0x0000000747600000|  0%| F|  |TAMS 0x0000000747500000, 0x0000000747500000| Untracked 
| 118|0x0000000747600000, 0x0000000747600000, 0x0000000747700000|  0%| F|  |TAMS 0x0000000747600000, 0x0000000747600000| Untracked 
| 119|0x0000000747700000, 0x0000000747700000, 0x0000000747800000|  0%| F|  |TAMS 0x0000000747700000, 0x0000000747700000| Untracked 
| 120|0x0000000747800000, 0x0000000747800000, 0x0000000747900000|  0%| F|  |TAMS 0x0000000747800000, 0x0000000747800000| Untracked 
| 121|0x0000000747900000, 0x0000000747900000, 0x0000000747a00000|  0%| F|  |TAMS 0x0000000747900000, 0x0000000747900000| Untracked 
| 122|0x0000000747a00000, 0x0000000747a00000, 0x0000000747b00000|  0%| F|  |TAMS 0x0000000747a00000, 0x0000000747a00000| Untracked 
| 123|0x0000000747b00000, 0x0000000747b00000, 0x0000000747c00000|  0%| F|  |TAMS 0x0000000747b00000, 0x0000000747b00000| Untracked 
| 124|0x0000000747c00000, 0x0000000747c00000, 0x0000000747d00000|  0%| F|  |TAMS 0x0000000747c00000, 0x0000000747c00000| Untracked 
| 125|0x0000000747d00000, 0x0000000747d00000, 0x0000000747e00000|  0%| F|  |TAMS 0x0000000747d00000, 0x0000000747d00000| Untracked 
| 126|0x0000000747e00000, 0x0000000747e00000, 0x0000000747f00000|  0%| F|  |TAMS 0x0000000747e00000, 0x0000000747e00000| Untracked 
| 127|0x0000000747f00000, 0x0000000747f00000, 0x0000000748000000|  0%| F|  |TAMS 0x0000000747f00000, 0x0000000747f00000| Untracked 
| 128|0x0000000748000000, 0x0000000748000000, 0x0000000748100000|  0%| F|  |TAMS 0x0000000748000000, 0x0000000748000000| Untracked 
| 129|0x0000000748100000, 0x0000000748100000, 0x0000000748200000|  0%| F|  |TAMS 0x0000000748100000, 0x0000000748100000| Untracked 
| 130|0x0000000748200000, 0x0000000748200000, 0x0000000748300000|  0%| F|  |TAMS 0x0000000748200000, 0x0000000748200000| Untracked 
| 131|0x0000000748300000, 0x0000000748300000, 0x0000000748400000|  0%| F|  |TAMS 0x0000000748300000, 0x0000000748300000| Untracked 
| 132|0x0000000748400000, 0x0000000748400000, 0x0000000748500000|  0%| F|  |TAMS 0x0000000748400000, 0x0000000748400000| Untracked 
| 133|0x0000000748500000, 0x0000000748500000, 0x0000000748600000|  0%| F|  |TAMS 0x0000000748500000, 0x0000000748500000| Untracked 
| 134|0x0000000748600000, 0x0000000748600000, 0x0000000748700000|  0%| F|  |TAMS 0x0000000748600000, 0x0000000748600000| Untracked 
| 135|0x0000000748700000, 0x0000000748700000, 0x0000000748800000|  0%| F|  |TAMS 0x0000000748700000, 0x0000000748700000| Untracked 
| 136|0x0000000748800000, 0x0000000748800000, 0x0000000748900000|  0%| F|  |TAMS 0x0000000748800000, 0x0000000748800000| Untracked 
| 137|0x0000000748900000, 0x0000000748900000, 0x0000000748a00000|  0%| F|  |TAMS 0x0000000748900000, 0x0000000748900000| Untracked 
| 138|0x0000000748a00000, 0x0000000748a00000, 0x0000000748b00000|  0%| F|  |TAMS 0x0000000748a00000, 0x0000000748a00000| Untracked 
| 139|0x0000000748b00000, 0x0000000748b00000, 0x0000000748c00000|  0%| F|  |TAMS 0x0000000748b00000, 0x0000000748b00000| Untracked 
| 140|0x0000000748c00000, 0x0000000748c00000, 0x0000000748d00000|  0%| F|  |TAMS 0x0000000748c00000, 0x0000000748c00000| Untracked 
| 141|0x0000000748d00000, 0x0000000748d00000, 0x0000000748e00000|  0%| F|  |TAMS 0x0000000748d00000, 0x0000000748d00000| Untracked 
| 142|0x0000000748e00000, 0x0000000748e00000, 0x0000000748f00000|  0%| F|  |TAMS 0x0000000748e00000, 0x0000000748e00000| Untracked 
| 143|0x0000000748f00000, 0x0000000748f00000, 0x0000000749000000|  0%| F|  |TAMS 0x0000000748f00000, 0x0000000748f00000| Untracked 
| 144|0x0000000749000000, 0x0000000749000000, 0x0000000749100000|  0%| F|  |TAMS 0x0000000749000000, 0x0000000749000000| Untracked 
| 145|0x0000000749100000, 0x0000000749100000, 0x0000000749200000|  0%| F|  |TAMS 0x0000000749100000, 0x0000000749100000| Untracked 
| 146|0x0000000749200000, 0x0000000749200000, 0x0000000749300000|  0%| F|  |TAMS 0x0000000749200000, 0x0000000749200000| Untracked 
| 147|0x0000000749300000, 0x0000000749300000, 0x0000000749400000|  0%| F|  |TAMS 0x0000000749300000, 0x0000000749300000| Untracked 
| 148|0x0000000749400000, 0x0000000749400000, 0x0000000749500000|  0%| F|  |TAMS 0x0000000749400000, 0x0000000749400000| Untracked 
| 149|0x0000000749500000, 0x0000000749500000, 0x0000000749600000|  0%| F|  |TAMS 0x0000000749500000, 0x0000000749500000| Untracked 
| 150|0x0000000749600000, 0x0000000749600000, 0x0000000749700000|  0%| F|  |TAMS 0x0000000749600000, 0x0000000749600000| Untracked 
| 151|0x0000000749700000, 0x0000000749700000, 0x0000000749800000|  0%| F|  |TAMS 0x0000000749700000, 0x0000000749700000| Untracked 
| 152|0x0000000749800000, 0x0000000749800000, 0x0000000749900000|  0%| F|  |TAMS 0x0000000749800000, 0x0000000749800000| Untracked 
| 153|0x0000000749900000, 0x0000000749900000, 0x0000000749a00000|  0%| F|  |TAMS 0x0000000749900000, 0x0000000749900000| Untracked 
| 154|0x0000000749a00000, 0x0000000749a00000, 0x0000000749b00000|  0%| F|  |TAMS 0x0000000749a00000, 0x0000000749a00000| Untracked 
| 155|0x0000000749b00000, 0x0000000749b00000, 0x0000000749c00000|  0%| F|  |TAMS 0x0000000749b00000, 0x0000000749b00000| Untracked 
| 156|0x0000000749c00000, 0x0000000749c00000, 0x0000000749d00000|  0%| F|  |TAMS 0x0000000749c00000, 0x0000000749c00000| Untracked 
| 157|0x0000000749d00000, 0x0000000749d00000, 0x0000000749e00000|  0%| F|  |TAMS 0x0000000749d00000, 0x0000000749d00000| Untracked 
| 158|0x0000000749e00000, 0x0000000749e00000, 0x0000000749f00000|  0%| F|  |TAMS 0x0000000749e00000, 0x0000000749e00000| Untracked 
| 159|0x0000000749f00000, 0x0000000749f00000, 0x000000074a000000|  0%| F|  |TAMS 0x0000000749f00000, 0x0000000749f00000| Untracked 
| 160|0x000000074a000000, 0x000000074a000000, 0x000000074a100000|  0%| F|  |TAMS 0x000000074a000000, 0x000000074a000000| Untracked 
| 161|0x000000074a100000, 0x000000074a100000, 0x000000074a200000|  0%| F|  |TAMS 0x000000074a100000, 0x000000074a100000| Untracked 
| 162|0x000000074a200000, 0x000000074a200000, 0x000000074a300000|  0%| F|  |TAMS 0x000000074a200000, 0x000000074a200000| Untracked 
| 163|0x000000074a300000, 0x000000074a300000, 0x000000074a400000|  0%| F|  |TAMS 0x000000074a300000, 0x000000074a300000| Untracked 
| 164|0x000000074a400000, 0x000000074a400000, 0x000000074a500000|  0%| F|  |TAMS 0x000000074a400000, 0x000000074a400000| Untracked 
| 165|0x000000074a500000, 0x000000074a500000, 0x000000074a600000|  0%| F|  |TAMS 0x000000074a500000, 0x000000074a500000| Untracked 
| 166|0x000000074a600000, 0x000000074a600000, 0x000000074a700000|  0%| F|  |TAMS 0x000000074a600000, 0x000000074a600000| Untracked 
| 167|0x000000074a700000, 0x000000074a700000, 0x000000074a800000|  0%| F|  |TAMS 0x000000074a700000, 0x000000074a700000| Untracked 
| 168|0x000000074a800000, 0x000000074a800000, 0x000000074a900000|  0%| F|  |TAMS 0x000000074a800000, 0x000000074a800000| Untracked 
| 169|0x000000074a900000, 0x000000074a900000, 0x000000074aa00000|  0%| F|  |TAMS 0x000000074a900000, 0x000000074a900000| Untracked 
| 170|0x000000074aa00000, 0x000000074aa00000, 0x000000074ab00000|  0%| F|  |TAMS 0x000000074aa00000, 0x000000074aa00000| Untracked 
| 171|0x000000074ab00000, 0x000000074ab00000, 0x000000074ac00000|  0%| F|  |TAMS 0x000000074ab00000, 0x000000074ab00000| Untracked 
| 172|0x000000074ac00000, 0x000000074ac00000, 0x000000074ad00000|  0%| F|  |TAMS 0x000000074ac00000, 0x000000074ac00000| Untracked 
| 173|0x000000074ad00000, 0x000000074ad00000, 0x000000074ae00000|  0%| F|  |TAMS 0x000000074ad00000, 0x000000074ad00000| Untracked 
| 174|0x000000074ae00000, 0x000000074ae00000, 0x000000074af00000|  0%| F|  |TAMS 0x000000074ae00000, 0x000000074ae00000| Untracked 
| 175|0x000000074af00000, 0x000000074af00000, 0x000000074b000000|  0%| F|  |TAMS 0x000000074af00000, 0x000000074af00000| Untracked 
| 176|0x000000074b000000, 0x000000074b000000, 0x000000074b100000|  0%| F|  |TAMS 0x000000074b000000, 0x000000074b000000| Untracked 
| 177|0x000000074b100000, 0x000000074b100000, 0x000000074b200000|  0%| F|  |TAMS 0x000000074b100000, 0x000000074b100000| Untracked 
| 178|0x000000074b200000, 0x000000074b200000, 0x000000074b300000|  0%| F|  |TAMS 0x000000074b200000, 0x000000074b200000| Untracked 
| 179|0x000000074b300000, 0x000000074b300000, 0x000000074b400000|  0%| F|  |TAMS 0x000000074b300000, 0x000000074b300000| Untracked 
| 180|0x000000074b400000, 0x000000074b400000, 0x000000074b500000|  0%| F|  |TAMS 0x000000074b400000, 0x000000074b400000| Untracked 
| 181|0x000000074b500000, 0x000000074b500000, 0x000000074b600000|  0%| F|  |TAMS 0x000000074b500000, 0x000000074b500000| Untracked 
| 182|0x000000074b600000, 0x000000074b600000, 0x000000074b700000|  0%| F|  |TAMS 0x000000074b600000, 0x000000074b600000| Untracked 
| 183|0x000000074b700000, 0x000000074b700000, 0x000000074b800000|  0%| F|  |TAMS 0x000000074b700000, 0x000000074b700000| Untracked 
| 184|0x000000074b800000, 0x000000074b800000, 0x000000074b900000|  0%| F|  |TAMS 0x000000074b800000, 0x000000074b800000| Untracked 
| 185|0x000000074b900000, 0x000000074b900000, 0x000000074ba00000|  0%| F|  |TAMS 0x000000074b900000, 0x000000074b900000| Untracked 
| 186|0x000000074ba00000, 0x000000074ba00000, 0x000000074bb00000|  0%| F|  |TAMS 0x000000074ba00000, 0x000000074ba00000| Untracked 
| 187|0x000000074bb00000, 0x000000074bb00000, 0x000000074bc00000|  0%| F|  |TAMS 0x000000074bb00000, 0x000000074bb00000| Untracked 
| 188|0x000000074bc00000, 0x000000074bc00000, 0x000000074bd00000|  0%| F|  |TAMS 0x000000074bc00000, 0x000000074bc00000| Untracked 
| 189|0x000000074bd00000, 0x000000074bd00000, 0x000000074be00000|  0%| F|  |TAMS 0x000000074bd00000, 0x000000074bd00000| Untracked 
| 190|0x000000074be00000, 0x000000074be00000, 0x000000074bf00000|  0%| F|  |TAMS 0x000000074be00000, 0x000000074be00000| Untracked 
| 191|0x000000074bf00000, 0x000000074bf00000, 0x000000074c000000|  0%| F|  |TAMS 0x000000074bf00000, 0x000000074bf00000| Untracked 
| 192|0x000000074c000000, 0x000000074c000000, 0x000000074c100000|  0%| F|  |TAMS 0x000000074c000000, 0x000000074c000000| Untracked 
| 193|0x000000074c100000, 0x000000074c100000, 0x000000074c200000|  0%| F|  |TAMS 0x000000074c100000, 0x000000074c100000| Untracked 
| 194|0x000000074c200000, 0x000000074c200000, 0x000000074c300000|  0%| F|  |TAMS 0x000000074c200000, 0x000000074c200000| Untracked 
| 195|0x000000074c300000, 0x000000074c300000, 0x000000074c400000|  0%| F|  |TAMS 0x000000074c300000, 0x000000074c300000| Untracked 
| 196|0x000000074c400000, 0x000000074c400000, 0x000000074c500000|  0%| F|  |TAMS 0x000000074c400000, 0x000000074c400000| Untracked 
| 197|0x000000074c500000, 0x000000074c500000, 0x000000074c600000|  0%| F|  |TAMS 0x000000074c500000, 0x000000074c500000| Untracked 
| 198|0x000000074c600000, 0x000000074c600000, 0x000000074c700000|  0%| F|  |TAMS 0x000000074c600000, 0x000000074c600000| Untracked 
| 199|0x000000074c700000, 0x000000074c700000, 0x000000074c800000|  0%| F|  |TAMS 0x000000074c700000, 0x000000074c700000| Untracked 
| 200|0x000000074c800000, 0x000000074c800000, 0x000000074c900000|  0%| F|  |TAMS 0x000000074c800000, 0x000000074c800000| Untracked 
| 201|0x000000074c900000, 0x000000074c900000, 0x000000074ca00000|  0%| F|  |TAMS 0x000000074c900000, 0x000000074c900000| Untracked 
| 202|0x000000074ca00000, 0x000000074ca00000, 0x000000074cb00000|  0%| F|  |TAMS 0x000000074ca00000, 0x000000074ca00000| Untracked 
| 203|0x000000074cb00000, 0x000000074cb00000, 0x000000074cc00000|  0%| F|  |TAMS 0x000000074cb00000, 0x000000074cb00000| Untracked 
| 204|0x000000074cc00000, 0x000000074cc00000, 0x000000074cd00000|  0%| F|  |TAMS 0x000000074cc00000, 0x000000074cc00000| Untracked 
| 205|0x000000074cd00000, 0x000000074cd00000, 0x000000074ce00000|  0%| F|  |TAMS 0x000000074cd00000, 0x000000074cd00000| Untracked 
| 206|0x000000074ce00000, 0x000000074ce00000, 0x000000074cf00000|  0%| F|  |TAMS 0x000000074ce00000, 0x000000074ce00000| Untracked 
| 207|0x000000074cf00000, 0x000000074cf00000, 0x000000074d000000|  0%| F|  |TAMS 0x000000074cf00000, 0x000000074cf00000| Untracked 
| 208|0x000000074d000000, 0x000000074d000000, 0x000000074d100000|  0%| F|  |TAMS 0x000000074d000000, 0x000000074d000000| Untracked 
| 209|0x000000074d100000, 0x000000074d100000, 0x000000074d200000|  0%| F|  |TAMS 0x000000074d100000, 0x000000074d100000| Untracked 
| 210|0x000000074d200000, 0x000000074d200000, 0x000000074d300000|  0%| F|  |TAMS 0x000000074d200000, 0x000000074d200000| Untracked 
| 211|0x000000074d300000, 0x000000074d300000, 0x000000074d400000|  0%| F|  |TAMS 0x000000074d300000, 0x000000074d300000| Untracked 
| 212|0x000000074d400000, 0x000000074d400000, 0x000000074d500000|  0%| F|  |TAMS 0x000000074d400000, 0x000000074d400000| Untracked 
| 213|0x000000074d500000, 0x000000074d500000, 0x000000074d600000|  0%| F|  |TAMS 0x000000074d500000, 0x000000074d500000| Untracked 
| 214|0x000000074d600000, 0x000000074d600000, 0x000000074d700000|  0%| F|  |TAMS 0x000000074d600000, 0x000000074d600000| Untracked 
| 215|0x000000074d700000, 0x000000074d700000, 0x000000074d800000|  0%| F|  |TAMS 0x000000074d700000, 0x000000074d700000| Untracked 
| 216|0x000000074d800000, 0x000000074d800000, 0x000000074d900000|  0%| F|  |TAMS 0x000000074d800000, 0x000000074d800000| Untracked 
| 217|0x000000074d900000, 0x000000074d900000, 0x000000074da00000|  0%| F|  |TAMS 0x000000074d900000, 0x000000074d900000| Untracked 
| 218|0x000000074da00000, 0x000000074da00000, 0x000000074db00000|  0%| F|  |TAMS 0x000000074da00000, 0x000000074da00000| Untracked 
| 219|0x000000074db00000, 0x000000074db00000, 0x000000074dc00000|  0%| F|  |TAMS 0x000000074db00000, 0x000000074db00000| Untracked 
| 220|0x000000074dc00000, 0x000000074dc00000, 0x000000074dd00000|  0%| F|  |TAMS 0x000000074dc00000, 0x000000074dc00000| Untracked 
| 221|0x000000074dd00000, 0x000000074dd00000, 0x000000074de00000|  0%| F|  |TAMS 0x000000074dd00000, 0x000000074dd00000| Untracked 
| 222|0x000000074de00000, 0x000000074de00000, 0x000000074df00000|  0%| F|  |TAMS 0x000000074de00000, 0x000000074de00000| Untracked 
| 223|0x000000074df00000, 0x000000074df00000, 0x000000074e000000|  0%| F|  |TAMS 0x000000074df00000, 0x000000074df00000| Untracked 
| 224|0x000000074e000000, 0x000000074e000000, 0x000000074e100000|  0%| F|  |TAMS 0x000000074e000000, 0x000000074e000000| Untracked 
| 225|0x000000074e100000, 0x000000074e100000, 0x000000074e200000|  0%| F|  |TAMS 0x000000074e100000, 0x000000074e100000| Untracked 
| 226|0x000000074e200000, 0x000000074e200000, 0x000000074e300000|  0%| F|  |TAMS 0x000000074e200000, 0x000000074e200000| Untracked 
| 227|0x000000074e300000, 0x000000074e300000, 0x000000074e400000|  0%| F|  |TAMS 0x000000074e300000, 0x000000074e300000| Untracked 
| 228|0x000000074e400000, 0x000000074e400000, 0x000000074e500000|  0%| F|  |TAMS 0x000000074e400000, 0x000000074e400000| Untracked 
| 229|0x000000074e500000, 0x000000074e500000, 0x000000074e600000|  0%| F|  |TAMS 0x000000074e500000, 0x000000074e500000| Untracked 
| 230|0x000000074e600000, 0x000000074e600000, 0x000000074e700000|  0%| F|  |TAMS 0x000000074e600000, 0x000000074e600000| Untracked 
| 231|0x000000074e700000, 0x000000074e700000, 0x000000074e800000|  0%| F|  |TAMS 0x000000074e700000, 0x000000074e700000| Untracked 
| 232|0x000000074e800000, 0x000000074e800000, 0x000000074e900000|  0%| F|  |TAMS 0x000000074e800000, 0x000000074e800000| Untracked 
| 233|0x000000074e900000, 0x000000074e900000, 0x000000074ea00000|  0%| F|  |TAMS 0x000000074e900000, 0x000000074e900000| Untracked 
| 234|0x000000074ea00000, 0x000000074ea00000, 0x000000074eb00000|  0%| F|  |TAMS 0x000000074ea00000, 0x000000074ea00000| Untracked 
| 235|0x000000074eb00000, 0x000000074eb00000, 0x000000074ec00000|  0%| F|  |TAMS 0x000000074eb00000, 0x000000074eb00000| Untracked 
| 236|0x000000074ec00000, 0x000000074ec00000, 0x000000074ed00000|  0%| F|  |TAMS 0x000000074ec00000, 0x000000074ec00000| Untracked 
| 237|0x000000074ed00000, 0x000000074ed00000, 0x000000074ee00000|  0%| F|  |TAMS 0x000000074ed00000, 0x000000074ed00000| Untracked 
| 238|0x000000074ee00000, 0x000000074ee00000, 0x000000074ef00000|  0%| F|  |TAMS 0x000000074ee00000, 0x000000074ee00000| Untracked 
| 239|0x000000074ef00000, 0x000000074ef00000, 0x000000074f000000|  0%| F|  |TAMS 0x000000074ef00000, 0x000000074ef00000| Untracked 
| 240|0x000000074f000000, 0x000000074f000000, 0x000000074f100000|  0%| F|  |TAMS 0x000000074f000000, 0x000000074f000000| Untracked 
| 241|0x000000074f100000, 0x000000074f100000, 0x000000074f200000|  0%| F|  |TAMS 0x000000074f100000, 0x000000074f100000| Untracked 
| 242|0x000000074f200000, 0x000000074f200000, 0x000000074f300000|  0%| F|  |TAMS 0x000000074f200000, 0x000000074f200000| Untracked 
| 243|0x000000074f300000, 0x000000074f3b91b8, 0x000000074f400000| 72%| E|  |TAMS 0x000000074f300000, 0x000000074f300000| Complete 
| 244|0x000000074f400000, 0x000000074f500000, 0x000000074f500000|100%| E|CS|TAMS 0x000000074f400000, 0x000000074f400000| Complete 
| 245|0x000000074f500000, 0x000000074f600000, 0x000000074f600000|100%| E|CS|TAMS 0x000000074f500000, 0x000000074f500000| Complete 
| 246|0x000000074f600000, 0x000000074f66df20, 0x000000074f700000| 42%| S|CS|TAMS 0x000000074f600000, 0x000000074f600000| Complete 
| 247|0x000000074f700000, 0x000000074f800000, 0x000000074f800000|100%| S|CS|TAMS 0x000000074f700000, 0x000000074f700000| Complete 
| 248|0x000000074f800000, 0x000000074f900000, 0x000000074f900000|100%| S|CS|TAMS 0x000000074f800000, 0x000000074f800000| Complete 
| 249|0x000000074f900000, 0x000000074fa00000, 0x000000074fa00000|100%| E|CS|TAMS 0x000000074f900000, 0x000000074f900000| Complete 
| 250|0x000000074fa00000, 0x000000074fb00000, 0x000000074fb00000|100%| E|CS|TAMS 0x000000074fa00000, 0x000000074fa00000| Complete 
| 251|0x000000074fb00000, 0x000000074fc00000, 0x000000074fc00000|100%| E|CS|TAMS 0x000000074fb00000, 0x000000074fb00000| Complete 
| 252|0x000000074fc00000, 0x000000074fd00000, 0x000000074fd00000|100%| E|CS|TAMS 0x000000074fc00000, 0x000000074fc00000| Complete 
| 253|0x000000074fd00000, 0x000000074fe00000, 0x000000074fe00000|100%| E|CS|TAMS 0x000000074fd00000, 0x000000074fd00000| Complete 
| 254|0x000000074fe00000, 0x000000074ff00000, 0x000000074ff00000|100%| E|CS|TAMS 0x000000074fe00000, 0x000000074fe00000| Complete 
| 255|0x000000074ff00000, 0x0000000750000000, 0x0000000750000000|100%| E|CS|TAMS 0x000000074ff00000, 0x000000074ff00000| Complete 

Card table byte_map: [0x000001b1dbf10000,0x000001b1dc510000] _byte_map_base: 0x000001b1d8510000

Marking Bits (Prev, Next): (CMBitMap*) 0x000001b1decdb6e0, (CMBitMap*) 0x000001b1decdb6a8
 Prev Bits: [0x000001b1f9700000, 0x000001b1fc700000)
 Next Bits: [0x000001b1f6700000, 0x000001b1f9700000)

Polling page: 0x000001b1d4da0000

Metaspace:

Usage:
  Non-class:     52.21 MB capacity,    51.48 MB ( 99%) used,   575.84 KB (  1%) free+waste,   168.19 KB ( <1%) overhead. 
      Class:      7.88 MB capacity,     7.33 MB ( 93%) used,   479.52 KB (  6%) free+waste,    80.25 KB ( <1%) overhead. 
       Both:     60.09 MB capacity,    58.81 MB ( 98%) used,     1.03 MB (  2%) free+waste,   248.44 KB ( <1%) overhead. 

Virtual space:
  Non-class space:       54.00 MB reserved,      52.26 MB ( 97%) committed 
      Class space:        1.00 GB reserved,       8.00 MB ( <1%) committed 
             Both:        1.05 GB reserved,      60.26 MB (  6%) committed 

Chunk freelists:
   Non-Class:  49.00 KB
       Class:  0 bytes
        Both:  49.00 KB

MaxMetaspaceSize: 17179869184.00 GB
CompressedClassSpaceSize: 1.00 GB

CodeHeap 'non-profiled nmethods': size=120000Kb used=5597Kb max_used=5597Kb free=114402Kb
 bounds [0x000001b1ef1d0000, 0x000001b1ef750000, 0x000001b1f6700000]
CodeHeap 'profiled nmethods': size=120000Kb used=20483Kb max_used=20483Kb free=99516Kb
 bounds [0x000001b1e7ca0000, 0x000001b1e90b0000, 0x000001b1ef1d0000]
CodeHeap 'non-nmethods': size=5760Kb used=1492Kb max_used=1537Kb free=4267Kb
 bounds [0x000001b1e7700000, 0x000001b1e7970000, 0x000001b1e7ca0000]
 total_blobs=9236 nmethods=8273 adapters=870
 compilation: enabled
              stopped_count=0, restarted_count=0
 full_count=0

Compilation events (20 events):
Event: 12.364 Thread 0x000001b1def6c800 8243       3       javax.swing.DefaultButtonModel::isSelected (15 bytes)
Event: 12.364 Thread 0x000001b1def6c800 nmethod 8243 0x000001b1e908d290 code [0x000001b1e908d440, 0x000001b1e908d598]
Event: 12.364 Thread 0x000001b182547800 nmethod 8208 0x000001b1ef730b90 code [0x000001b1ef730d20, 0x000001b1ef730ff8]
Event: 12.366 Thread 0x000001b1def6b800 nmethod 8241 0x000001b1ef731090 code [0x000001b1ef7312a0, 0x000001b1ef7319d0]
Event: 12.372 Thread 0x000001b182547800 8244       4       javax.swing.SwingUtilities::getWindowAncestor (31 bytes)
Event: 12.372 Thread 0x000001b1def6c800 8245  s    1       java.awt.EventDispatchThread::getEventQueue (5 bytes)
Event: 12.373 Thread 0x000001b1def6c800 nmethod 8245 0x000001b1ef731d90 code [0x000001b1ef731f40, 0x000001b1ef732198]
Event: 12.374 Thread 0x000001b1def6b800 8246       4       sun.util.locale.LocaleUtils::toLowerString (95 bytes)
Event: 12.375 Thread 0x000001b182547800 nmethod 8244 0x000001b1ef732210 code [0x000001b1ef7323a0, 0x000001b1ef732458]
Event: 12.375 Thread 0x000001b1def6c800 8247       3       sun.java2d.pipe.Region::clipScale (41 bytes)
Event: 12.375 Thread 0x000001b1def6c800 nmethod 8247 0x000001b1e908d610 code [0x000001b1e908d800, 0x000001b1e908da88]
Event: 12.375 Thread 0x000001b1def6c800 8248       3       java.awt.Window::getBackground (5 bytes)
Event: 12.376 Thread 0x000001b1def6c800 nmethod 8248 0x000001b1e908db10 code [0x000001b1e908dce0, 0x000001b1e908dfc8]
Event: 12.400 Thread 0x000001b1def6b800 nmethod 8246 0x000001b1ef732510 code [0x000001b1ef7326e0, 0x000001b1ef7331d8]
Event: 12.425 Thread 0x000001b1def6c800 8249       1       de.javasoft.plaf.synthetica.SyntheticaState::getState (5 bytes)
Event: 12.425 Thread 0x000001b1def6c800 nmethod 8249 0x000001b1ef733590 code [0x000001b1ef733740, 0x000001b1ef7337f8]
Event: 12.425 Thread 0x000001b1def6c800 8250       1       de.javasoft.plaf.synthetica.painter.AnimationThreadFactory$AnimationThread$ComponentAnimation::access$1 (5 bytes)
Event: 12.425 Thread 0x000001b1def6c800 nmethod 8250 0x000001b1ef733890 code [0x000001b1ef733a40, 0x000001b1ef733ad8]
Event: 12.450 Thread 0x000001b1def6c800 8251       1       de.javasoft.plaf.synthetica.painter.AnimationThreadFactory$AnimationThread$ComponentKey::access$0 (5 bytes)
Event: 12.450 Thread 0x000001b1def6c800 nmethod 8251 0x000001b1ef733b90 code [0x000001b1ef733d40, 0x000001b1ef733dd8]

GC Heap History (20 events):
Event: 1.143 GC heap before
{Heap before GC invocations=0 (full 0):
 garbage-first heap   total 262144K, used 64512K [0x0000000740000000, 0x0000000800000000)
  region size 1024K, 60 young (61440K), 0 survivors (0K)
 Metaspace       used 12772K, capacity 13153K, committed 13440K, reserved 1060864K
  class space    used 1185K, capacity 1325K, committed 1408K, reserved 1048576K
}
Event: 1.170 GC heap after
{Heap after GC invocations=1 (full 0):
 garbage-first heap   total 262144K, used 17704K [0x0000000740000000, 0x0000000800000000)
  region size 1024K, 8 young (8192K), 8 survivors (8192K)
 Metaspace       used 12772K, capacity 13153K, committed 13440K, reserved 1060864K
  class space    used 1185K, capacity 1325K, committed 1408K, reserved 1048576K
}
Event: 2.077 GC heap before
{Heap before GC invocations=1 (full 0):
 garbage-first heap   total 262144K, used 59688K [0x0000000740000000, 0x0000000800000000)
  region size 1024K, 50 young (51200K), 8 survivors (8192K)
 Metaspace       used 20638K, capacity 21134K, committed 21296K, reserved 1069056K
  class space    used 1808K, capacity 2071K, committed 2176K, reserved 1048576K
}
Event: 2.094 GC heap after
{Heap after GC invocations=2 (full 0):
 garbage-first heap   total 262144K, used 23856K [0x0000000740000000, 0x0000000800000000)
  region size 1024K, 7 young (7168K), 7 survivors (7168K)
 Metaspace       used 20638K, capacity 21134K, committed 21296K, reserved 1069056K
  class space    used 1808K, capacity 2071K, committed 2176K, reserved 1048576K
}
Event: 3.161 GC heap before
{Heap before GC invocations=3 (full 0):
 garbage-first heap   total 262144K, used 79152K [0x0000000740000000, 0x0000000800000000)
  region size 1024K, 60 young (61440K), 7 survivors (7168K)
 Metaspace       used 27032K, capacity 27653K, committed 27952K, reserved 1075200K
  class space    used 2624K, capacity 2897K, committed 2944K, reserved 1048576K
}
Event: 3.165 GC heap after
{Heap after GC invocations=4 (full 0):
 garbage-first heap   total 262144K, used 25930K [0x0000000740000000, 0x0000000800000000)
  region size 1024K, 3 young (3072K), 3 survivors (3072K)
 Metaspace       used 27032K, capacity 27653K, committed 27952K, reserved 1075200K
  class space    used 2624K, capacity 2897K, committed 2944K, reserved 1048576K
}
Event: 4.121 GC heap before
{Heap before GC invocations=4 (full 0):
 garbage-first heap   total 262144K, used 89418K [0x0000000740000000, 0x0000000800000000)
  region size 1024K, 60 young (61440K), 3 survivors (3072K)
 Metaspace       used 32032K, capacity 32683K, committed 32944K, reserved 1079296K
  class space    used 3238K, capacity 3504K, committed 3584K, reserved 1048576K
}
Event: 4.124 GC heap after
{Heap after GC invocations=5 (full 0):
 garbage-first heap   total 262144K, used 35782K [0x0000000740000000, 0x0000000800000000)
  region size 1024K, 6 young (6144K), 6 survivors (6144K)
 Metaspace       used 32032K, capacity 32683K, committed 32944K, reserved 1079296K
  class space    used 3238K, capacity 3504K, committed 3584K, reserved 1048576K
}
Event: 4.557 GC heap before
{Heap before GC invocations=5 (full 0):
 garbage-first heap   total 262144K, used 80838K [0x0000000740000000, 0x0000000800000000)
  region size 1024K, 51 young (52224K), 6 survivors (6144K)
 Metaspace       used 35127K, capacity 35774K, committed 35920K, reserved 1081344K
  class space    used 3731K, capacity 3998K, committed 4096K, reserved 1048576K
}
Event: 4.561 GC heap after
{Heap after GC invocations=6 (full 0):
 garbage-first heap   total 262144K, used 34250K [0x0000000740000000, 0x0000000800000000)
  region size 1024K, 5 young (5120K), 5 survivors (5120K)
 Metaspace       used 35127K, capacity 35774K, committed 35920K, reserved 1081344K
  class space    used 3731K, capacity 3998K, committed 4096K, reserved 1048576K
}
Event: 7.350 GC heap before
{Heap before GC invocations=7 (full 0):
 garbage-first heap   total 262144K, used 89546K [0x0000000740000000, 0x0000000800000000)
  region size 1024K, 60 young (61440K), 5 survivors (5120K)
 Metaspace       used 45651K, capacity 46503K, committed 46800K, reserved 1091584K
  class space    used 5104K, capacity 5466K, committed 5504K, reserved 1048576K
}
Event: 7.355 GC heap after
{Heap after GC invocations=8 (full 0):
 garbage-first heap   total 262144K, used 40398K [0x0000000740000000, 0x0000000800000000)
  region size 1024K, 8 young (8192K), 8 survivors (8192K)
 Metaspace       used 45651K, capacity 46503K, committed 46800K, reserved 1091584K
  class space    used 5104K, capacity 5466K, committed 5504K, reserved 1048576K
}
Event: 8.634 GC heap before
{Heap before GC invocations=8 (full 0):
 garbage-first heap   total 262144K, used 93646K [0x0000000740000000, 0x0000000800000000)
  region size 1024K, 60 young (61440K), 8 survivors (8192K)
 Metaspace       used 51239K, capacity 52202K, committed 52304K, reserved 1095680K
  class space    used 5921K, capacity 6326K, committed 6400K, reserved 1048576K
}
Event: 8.644 GC heap after
{Heap after GC invocations=9 (full 0):
 garbage-first heap   total 262144K, used 47422K [0x0000000740000000, 0x0000000800000000)
  region size 1024K, 8 young (8192K), 8 survivors (8192K)
 Metaspace       used 51239K, capacity 52202K, committed 52304K, reserved 1095680K
  class space    used 5921K, capacity 6326K, committed 6400K, reserved 1048576K
}
Event: 9.984 GC heap before
{Heap before GC invocations=9 (full 0):
 garbage-first heap   total 262144K, used 100670K [0x0000000740000000, 0x0000000800000000)
  region size 1024K, 60 young (61440K), 8 survivors (8192K)
 Metaspace       used 53056K, capacity 54025K, committed 54096K, reserved 1097728K
  class space    used 6220K, capacity 6646K, committed 6656K, reserved 1048576K
}
Event: 9.991 GC heap after
{Heap after GC invocations=10 (full 0):
 garbage-first heap   total 262144K, used 49387K [0x0000000740000000, 0x0000000800000000)
  region size 1024K, 5 young (5120K), 5 survivors (5120K)
 Metaspace       used 53056K, capacity 54025K, committed 54096K, reserved 1097728K
  class space    used 6220K, capacity 6646K, committed 6656K, reserved 1048576K
}
Event: 11.848 GC heap before
{Heap before GC invocations=10 (full 0):
 garbage-first heap   total 262144K, used 124139K [0x0000000740000000, 0x0000000800000000)
  region size 1024K, 60 young (61440K), 5 survivors (5120K)
 Metaspace       used 58775K, capacity 59968K, committed 60112K, reserved 1101824K
  class space    used 7238K, capacity 7757K, committed 7808K, reserved 1048576K
}
Event: 11.857 GC heap after
{Heap after GC invocations=11 (full 0):
 garbage-first heap   total 262144K, used 79306K [0x0000000740000000, 0x0000000800000000)
  region size 1024K, 8 young (8192K), 8 survivors (8192K)
 Metaspace       used 58775K, capacity 59968K, committed 60112K, reserved 1101824K
  class space    used 7238K, capacity 7757K, committed 7808K, reserved 1048576K
}
Event: 12.025 GC heap before
{Heap before GC invocations=11 (full 0):
 garbage-first heap   total 262144K, used 88522K [0x0000000740000000, 0x0000000800000000)
  region size 1024K, 15 young (15360K), 8 survivors (8192K)
 Metaspace       used 59029K, capacity 60179K, committed 60296K, reserved 1101824K
  class space    used 7272K, capacity 7787K, committed 7808K, reserved 1048576K
}
Event: 12.034 GC heap after
{Heap after GC invocations=12 (full 0):
 garbage-first heap   total 262144K, used 81190K [0x0000000740000000, 0x0000000800000000)
  region size 1024K, 3 young (3072K), 3 survivors (3072K)
 Metaspace       used 59029K, capacity 60179K, committed 60296K, reserved 1101824K
  class space    used 7272K, capacity 7787K, committed 7808K, reserved 1048576K
}

Deoptimization events (20 events):
Event: 12.285 Thread 0x000001b182b1b000 DEOPT PACKING pc=0x000001b1ef6ff354 sp=0x00000058fd4f70b0
Event: 12.285 Thread 0x000001b182b1b000 DEOPT UNPACKING pc=0x000001b1e77083af sp=0x00000058fd4f7038 mode 2
Event: 12.285 Thread 0x000001b182b1b000 Uncommon trap: trap_request=0xffffffde fr.pc=0x000001b1ef6ff354 relative=0x0000000000000094
Event: 12.285 Thread 0x000001b182b1b000 Uncommon trap: reason=class_check action=maybe_recompile pc=0x000001b1ef6ff354 method=javax.swing.SwingUtilities.getWindowAncestor(Ljava/awt/Component;)Ljava/awt/Window; @ 17 c2
Event: 12.285 Thread 0x000001b182b1b000 DEOPT PACKING pc=0x000001b1ef6ff354 sp=0x00000058fd4f6e40
Event: 12.285 Thread 0x000001b182b1b000 DEOPT UNPACKING pc=0x000001b1e77083af sp=0x00000058fd4f6dc8 mode 2
Event: 12.286 Thread 0x000001b182b1b000 Uncommon trap: trap_request=0xffffffde fr.pc=0x000001b1ef6ff354 relative=0x0000000000000094
Event: 12.286 Thread 0x000001b182b1b000 Uncommon trap: reason=class_check action=maybe_recompile pc=0x000001b1ef6ff354 method=javax.swing.SwingUtilities.getWindowAncestor(Ljava/awt/Component;)Ljava/awt/Window; @ 17 c2
Event: 12.286 Thread 0x000001b182b1b000 DEOPT PACKING pc=0x000001b1ef6ff354 sp=0x00000058fd4f6c50
Event: 12.286 Thread 0x000001b182b1b000 DEOPT UNPACKING pc=0x000001b1e77083af sp=0x00000058fd4f6bd8 mode 2
Event: 12.302 Thread 0x000001b182b1b000 DEOPT PACKING pc=0x000001b1e8f1b888 sp=0x00000058fd4f5760
Event: 12.302 Thread 0x000001b182b1b000 DEOPT UNPACKING pc=0x000001b1e7727e8e sp=0x00000058fd4f4c38 mode 0
Event: 12.308 Thread 0x000001b182b1b000 DEOPT PACKING pc=0x000001b1e8a083e0 sp=0x00000058fd4f5970
Event: 12.308 Thread 0x000001b182b1b000 DEOPT UNPACKING pc=0x000001b1e7727e8e sp=0x00000058fd4f4e00 mode 0
Event: 12.308 Thread 0x000001b182b1b000 DEOPT PACKING pc=0x000001b1e8a083e0 sp=0x00000058fd4f5970
Event: 12.308 Thread 0x000001b182b1b000 DEOPT UNPACKING pc=0x000001b1e7727e8e sp=0x00000058fd4f4e00 mode 0
Event: 12.313 Thread 0x000001b182b1b000 DEOPT PACKING pc=0x000001b1e8a083e0 sp=0x00000058fd4f5970
Event: 12.313 Thread 0x000001b182b1b000 DEOPT UNPACKING pc=0x000001b1e7727e8e sp=0x00000058fd4f4e00 mode 0
Event: 12.327 Thread 0x000001b182b1b000 DEOPT PACKING pc=0x000001b1e8f1b888 sp=0x00000058fd4f5840
Event: 12.327 Thread 0x000001b182b1b000 DEOPT UNPACKING pc=0x000001b1e7727e8e sp=0x00000058fd4f4d18 mode 0

Classes redefined (0 events):
No events

Internal exceptions (20 events):
Event: 11.441 Thread 0x000001b182b1b000 Exception <a 'java/lang/NoSuchMethodError'{0x000000074d6b8500}: 'java.lang.Object java.lang.invoke.DirectMethodHandle$Holder.invokeSpecial(java.lang.Object, java.lang.Object, java.lang.Object, int, int, int)'> (0x000000074d6b8500) thrown at [./src/hotspot/share/interpreter/linkResolver.cpp, line 773]
Event: 11.442 Thread 0x000001b182b1b000 Exception <a 'java/lang/NoSuchMethodError'{0x000000074d6bb930}: 'java.lang.Object java.lang.invoke.Invokers$Holder.linkToTargetMethod(java.lang.Object, int, int, int, java.lang.Object)'> (0x000000074d6bb930) thrown at [./src/hotspot/share/interpreter/linkResolver.cpp, line 773]
Event: 11.446 Thread 0x000001b182b1b000 Exception <a 'java/lang/NoSuchMethodError'{0x000000074d53a6b0}: 'java.lang.Object java.lang.invoke.DelegatingMethodHandle$Holder.reinvoke_L(java.lang.Object, java.lang.Object, int, int, java.lang.Object, int, int, int, java.lang.Object, java.lang.Object, int, int)'> (0x000000074d53a6b0) thrown at [./src/hotspot/share/interpreter/linkResolver.cpp, line 773]
Event: 11.450 Thread 0x000001b182b1b000 Exception <a 'java/lang/NoSuchMethodError'{0x000000074d59deb0}: 'java.lang.Object java.lang.invoke.DirectMethodHandle$Holder.invokeSpecial(java.lang.Object, java.lang.Object, int, int, java.lang.Object, int, int, int, java.lang.Object, java.lang.Object, int, int)'> (0x000000074d59deb0) thrown at [./src/hotspot/share/interpreter/linkResolver.cpp, line 773]
Event: 11.450 Thread 0x000001b182b1b000 Exception <a 'java/lang/NoSuchMethodError'{0x000000074d5a17f8}: 'java.lang.Object java.lang.invoke.DelegatingMethodHandle$Holder.reinvoke_L(java.lang.Object, int, int, java.lang.Object, int, int, int, java.lang.Object, java.lang.Object, int, int)'> (0x000000074d5a17f8) thrown at [./src/hotspot/share/interpreter/linkResolver.cpp, line 773]
Event: 11.453 Thread 0x000001b182b1b000 Exception <a 'java/lang/NoSuchMethodError'{0x000000074d5f3b08}: 'java.lang.Object java.lang.invoke.DelegatingMethodHandle$Holder.reinvoke_L(java.lang.Object, java.lang.Object, int, int, int, java.lang.Object, java.lang.Object, int, int)'> (0x000000074d5f3b08) thrown at [./src/hotspot/share/interpreter/linkResolver.cpp, line 773]
Event: 12.004 Thread 0x000001b182b1b000 Exception <a 'java/lang/NoSuchMethodError'{0x000000074f929bd8}: 'java.lang.Object java.lang.invoke.DirectMethodHandle$Holder.invokeSpecial(java.lang.Object, java.lang.Object, int, int, int, java.lang.Object, java.lang.Object, java.lang.Object, java.lang.Object)'> (0x000000074f929bd8) thrown at [./src/hotspot/share/interpreter/linkResolver.cpp, line 773]
Event: 12.004 Thread 0x000001b182b1b000 Exception <a 'java/lang/NoSuchMethodError'{0x000000074f92d638}: 'java.lang.Object java.lang.invoke.DelegatingMethodHandle$Holder.reinvoke_L(java.lang.Object, int, int, int, java.lang.Object, java.lang.Object, java.lang.Object, java.lang.Object)'> (0x000000074f92d638) thrown at [./src/hotspot/share/interpreter/linkResolver.cpp, line 773]
Event: 12.008 Thread 0x000001b182b1b000 Exception <a 'java/lang/NoSuchMethodError'{0x000000074f94efe8}: 'java.lang.Object java.lang.invoke.DirectMethodHandle$Holder.invokeStatic(java.lang.Object, java.lang.Object, java.lang.Object, java.lang.Object, java.lang.Object, java.lang.Object, java.lang.Object, int)'> (0x000000074f94efe8) thrown at [./src/hotspot/share/interpreter/linkResolver.cpp, line 773]
Event: 12.010 Thread 0x000001b182b1b000 Exception <a 'java/lang/NoSuchMethodError'{0x000000074f967290}: 'java.lang.Object java.lang.invoke.DirectMethodHandle$Holder.invokeStatic(java.lang.Object, java.lang.Object, java.lang.Object, java.lang.Object, java.lang.Object, java.lang.Object, java.lang.Object, int, int)'> (0x000000074f967290) thrown at [./src/hotspot/share/interpreter/linkResolver.cpp, line 773]
Event: 12.013 Thread 0x000001b182b1b000 Exception <a 'java/lang/NoSuchMethodError'{0x000000074f980c00}: 'java.lang.Object java.lang.invoke.DirectMethodHandle$Holder.invokeStatic(java.lang.Object, java.lang.Object, java.lang.Object, java.lang.Object, java.lang.Object, java.lang.Object, java.lang.Object, int, int, java.lang.Object)'> (0x000000074f980c00) thrown at [./src/hotspot/share/interpreter/linkResolver.cpp, line 773]
Event: 12.016 Thread 0x000001b182b1b000 Exception <a 'java/lang/NoSuchMethodError'{0x000000074f99bae0}: 'java.lang.Object java.lang.invoke.DirectMethodHandle$Holder.invokeStatic(java.lang.Object, java.lang.Object, java.lang.Object, java.lang.Object, java.lang.Object, java.lang.Object, java.lang.Object, int, int, java.lang.Object, java.lang.Object)'> (0x000000074f99bae0) thrown at [./src/hotspot/share/interpreter/linkResolver.cpp, line 773]
Event: 12.018 Thread 0x000001b182b1b000 Exception <a 'java/lang/NoSuchMethodError'{0x000000074f9b8020}: 'java.lang.Object java.lang.invoke.DirectMethodHandle$Holder.invokeStatic(java.lang.Object, java.lang.Object, java.lang.Object, java.lang.Object, java.lang.Object, java.lang.Object, java.lang.Object, int, int, java.lang.Object, java.lang.Object, java.lang.Object)'> (0x000000074f9b8020) thrown at [./src/hotspot/share/interpreter/linkResolver.cpp, line 773]
Event: 12.020 Thread 0x000001b182b1b000 Exception <a 'java/lang/NoSuchMethodError'{0x000000074f9d5d50}: 'java.lang.Object java.lang.invoke.DirectMethodHandle$Holder.invokeStatic(java.lang.Object, java.lang.Object, java.lang.Object, java.lang.Object, java.lang.Object, java.lang.Object, java.lang.Object, int, int, java.lang.Object, java.lang.Object, java.lang.Object, java.lang.Object)'> (0x000000074f9d5d50) thrown at [./src/hotspot/share/interpreter/linkResolver.cpp, line 773]
Event: 12.257 Thread 0x000001b183a7d800 Implicit null exception at 0x000001b1ef5b6f76 to 0x000001b1ef5b7040
Event: 12.265 Thread 0x000001b183a7d800 Exception <a 'java/lang/NoSuchMethodError'{0x000000074f95fb80}: 'java.lang.Object java.lang.invoke.DirectMethodHandle$Holder.invokeSpecial(java.lang.Object, java.lang.Object, int, int, int, java.lang.Object, java.lang.Object, java.lang.Object)'> (0x000000074f95fb80) thrown at [./src/hotspot/share/interpreter/linkResolver.cpp, line 773]
Event: 12.265 Thread 0x000001b183a7d800 Exception <a 'java/lang/NoSuchMethodError'{0x000000074f963410}: 'java.lang.Object java.lang.invoke.DelegatingMethodHandle$Holder.reinvoke_L(java.lang.Object, int, int, int, java.lang.Object, java.lang.Object, java.lang.Object)'> (0x000000074f963410) thrown at [./src/hotspot/share/interpreter/linkResolver.cpp, line 773]
Event: 12.266 Thread 0x000001b183a7d800 Exception <a 'java/lang/NoSuchMethodError'{0x000000074f983bc8}: 'java.lang.Object java.lang.invoke.DirectMethodHandle$Holder.invokeStatic(java.lang.Object, java.lang.Object, java.lang.Object, java.lang.Object, java.lang.Object, int, int, java.lang.Object, java.lang.Object)'> (0x000000074f983bc8) thrown at [./src/hotspot/share/interpreter/linkResolver.cpp, line 773]
Event: 12.268 Thread 0x000001b183a7d800 Exception <a 'java/lang/NoSuchMethodError'{0x000000074f99da78}: 'java.lang.Object java.lang.invoke.DirectMethodHandle$Holder.invokeStatic(java.lang.Object, java.lang.Object, java.lang.Object, java.lang.Object, java.lang.Object, int, int, java.lang.Object, java.lang.Object, java.lang.Object)'> (0x000000074f99da78) thrown at [./src/hotspot/share/interpreter/linkResolver.cpp, line 773]
Event: 12.276 Thread 0x000001b182b1b000 Implicit null exception at 0x000001b1ef645b7f to 0x000001b1ef645cfc

Events (20 events):
Event: 12.315 loading class de/javasoft/plaf/synthetica/painter/ProgressBarPainter done
Event: 12.323 Thread 0x000001b183a7e800 Thread added: 0x000001b183a7e800
Event: 12.337 loading class ui/views/T/B
Event: 12.337 loading class ui/views/T/B done
Event: 12.338 loading class ui/views/x/a/j
Event: 12.338 loading class ui/views/x/a/j done
Event: 12.339 loading class ui/views/x/a/l
Event: 12.339 loading class ui/views/x/a/l done
Event: 12.340 loading class ui/views/x/b/U
Event: 12.340 loading class ui/views/x/b/U done
Event: 12.343 Executing VM operation: BulkRevokeBias
Event: 12.343 Executing VM operation: BulkRevokeBias done
Event: 12.351 Executing VM operation: RevokeBias
Event: 12.352 Executing VM operation: RevokeBias done
Event: 12.398 Executing VM operation: RevokeBias
Event: 12.398 Executing VM operation: RevokeBias done
Event: 12.398 Executing VM operation: RevokeBias
Event: 12.398 Executing VM operation: RevokeBias done
Event: 12.455 loading class ui/frmwork/xhub/q
Event: 12.455 loading class ui/frmwork/xhub/q done


Dynamic libraries:
0x00007ff7be330000 - 0x00007ff7be361000 	C:\Xilinx\Vivado\2022.2\bin\unwrapped\win64.o\vivado.exe
0x00007ffffbd70000 - 0x00007ffffbf84000 	C:\WINDOWS\SYSTEM32\ntdll.dll
0x00007ffffa5d0000 - 0x00007ffffa692000 	C:\WINDOWS\System32\KERNEL32.DLL
0x00007ffff9170000 - 0x00007ffff9513000 	C:\WINDOWS\System32\KERNELBASE.dll
0x00007ffff9550000 - 0x00007ffff9661000 	C:\WINDOWS\System32\ucrtbase.dll
0x00007fffd5420000 - 0x00007fffd54ae000 	C:\WINDOWS\SYSTEM32\MSVCP140.dll
0x00007fffd52c0000 - 0x00007fffd52db000 	C:\WINDOWS\SYSTEM32\VCRUNTIME140.dll
0x00007fff7d010000 - 0x00007fff7e441000 	C:\Xilinx\Vivado\2022.2\lib\win64.o\librdi_common.dll
0x00007ffffb3a0000 - 0x00007ffffb54b000 	C:\WINDOWS\System32\USER32.dll
0x00007ffff9520000 - 0x00007ffff9546000 	C:\WINDOWS\System32\win32u.dll
0x00007ffffab70000 - 0x00007ffffab99000 	C:\WINDOWS\System32\GDI32.dll
0x00007ffff9710000 - 0x00007ffff9829000 	C:\WINDOWS\System32\gdi32full.dll
0x00007ffff9670000 - 0x00007ffff970a000 	C:\WINDOWS\System32\msvcp_win.dll
0x00007ffff9d20000 - 0x00007ffff9dce000 	C:\WINDOWS\System32\ADVAPI32.dll
0x00007ffff9b60000 - 0x00007ffff9c07000 	C:\WINDOWS\System32\msvcrt.dll
0x00007fffef020000 - 0x00007fffef038000 	C:\Xilinx\Vivado\2022.2\lib\win64.o\librdi_commonmain.dll
0x00007ffffb550000 - 0x00007ffffb5f4000 	C:\WINDOWS\System32\sechost.dll
0x00007ffffbc10000 - 0x00007ffffbd27000 	C:\WINDOWS\System32\RPCRT4.dll
0x00007ffffaba0000 - 0x00007ffffb39a000 	C:\WINDOWS\System32\SHELL32.dll
0x00007ffff98b0000 - 0x00007ffff991b000 	C:\WINDOWS\System32\WINTRUST.dll
0x00007ffffa550000 - 0x00007ffffa5c1000 	C:\WINDOWS\System32\WS2_32.dll
0x00007fffd9d40000 - 0x00007fffd9d4c000 	C:\WINDOWS\SYSTEM32\VCRUNTIME140_1.dll
0x00007fff93890000 - 0x00007fff93bfe000 	C:\Xilinx\Vivado\2022.2\lib\win64.o\libCOIN-all.dll
0x00007fffe4850000 - 0x00007fffe4861000 	C:\Xilinx\Vivado\2022.2\lib\win64.o\libboost_date_time.dll
0x00007fffe3a60000 - 0x00007fffe3a81000 	C:\Xilinx\Vivado\2022.2\lib\win64.o\libboost_filesystem.dll
0x00007fffddf30000 - 0x00007fffddfa9000 	C:\Xilinx\Vivado\2022.2\lib\win64.o\libboost_program_options.dll
0x00007fffa7560000 - 0x00007fffa7674000 	C:\Xilinx\Vivado\2022.2\lib\win64.o\libboost_regex.dll
0x00007fffe3a40000 - 0x00007fffe3a5c000 	C:\Xilinx\Vivado\2022.2\lib\win64.o\libboost_thread.dll
0x00007ffff43b0000 - 0x00007ffff43bc000 	C:\Xilinx\Vivado\2022.2\lib\win64.o\libboost_xilinx.dll
0x00007fffdd2c0000 - 0x00007fffdd342000 	C:\Xilinx\Vivado\2022.2\lib\win64.o\libhdlpsolve.dll
0x00007fffdd1b0000 - 0x00007fffdd255000 	C:\Xilinx\Vivado\2022.2\lib\win64.o\libhdxml.dll
0x00007fff7c090000 - 0x00007fff7d00d200 	C:\Xilinx\Vivado\2022.2\lib\win64.o\libisl_iostreams.dll
0x00007fffe3a10000 - 0x00007fffe3a3a000 	C:\Xilinx\Vivado\2022.2\lib\win64.o\libisl_sysinfo.dll
0x00007fffdd100000 - 0x00007fffdd165000 	C:\Xilinx\Vivado\2022.2\lib\win64.o\liblmx6.0.dll
0x00007fffe27e0000 - 0x00007fffe27fa000 	C:\Xilinx\Vivado\2022.2\lib\win64.o\pthreadVC2.dll
0x00007fffa0890000 - 0x00007fffa0a45000 	C:\Xilinx\Vivado\2022.2\lib\win64.o\librdi_commonxillic.dll
0x00007fffde010000 - 0x00007fffde02c000 	C:\Xilinx\Vivado\2022.2\lib\win64.o\librdiconfig.dll
0x00007ffffbb50000 - 0x00007ffffbbae000 	C:\WINDOWS\System32\SHLWAPI.dll
0x00007fffddfe0000 - 0x00007fffde001000 	C:\Xilinx\Vivado\2022.2\lib\win64.o\librdizlib.dll
0x0000000053ee0000 - 0x000000005400b000 	C:\Xilinx\Vivado\2022.2\lib\win64.o\tcl85t.dll
0x00007fffe19c0000 - 0x00007fffe19d9000 	C:\WINDOWS\SYSTEM32\NETAPI32.dll
0x00007fffdd440000 - 0x00007fffdd934000 	C:\WINDOWS\SYSTEM32\WININET.dll
0x00007ffff0750000 - 0x00007ffff0887000 	C:\WINDOWS\SYSTEM32\WINHTTP.dll
0x00007fff935c0000 - 0x00007fff93881000 	C:\Xilinx\Vivado\2022.2\lib\win64.o\xerces-c_3_2.dll
0x00007fffe76a0000 - 0x00007fffe788f000 	C:\WINDOWS\SYSTEM32\urlmon.dll
0x00007ffff3410000 - 0x00007ffff3419000 	C:\Xilinx\Vivado\2022.2\lib\win64.o\librdi_commonversion.dll
0x00007ffff20a0000 - 0x00007ffff20a9000 	C:\WINDOWS\SYSTEM32\WSOCK32.dll
0x00007ffff8b40000 - 0x00007ffff8b68000 	C:\WINDOWS\SYSTEM32\bcrypt.dll
0x00007fff726d0000 - 0x00007fff745e7000 	C:\Xilinx\Vivado\2022.2\lib\win64.o\gurobi90.dll
0x00007ffff9920000 - 0x00007ffff9a87000 	C:\WINDOWS\System32\CRYPT32.dll
0x00007ffff9c30000 - 0x00007ffff9c92000 	C:\WINDOWS\System32\WLDAP32.dll
0x00007ffffbbb0000 - 0x00007ffffbbb8000 	C:\WINDOWS\System32\Normaliz.dll
0x00007fffdd0c0000 - 0x00007fffdd0f1000 	C:\WINDOWS\SYSTEM32\VCOMP140.DLL
0x00007fffe4af0000 - 0x00007fffe4da1000 	C:\WINDOWS\SYSTEM32\iertutil.dll
0x00007fffdc170000 - 0x00007fffdc198000 	C:\WINDOWS\SYSTEM32\srvcli.dll
0x00007fffddf10000 - 0x00007fffddf28000 	C:\Xilinx\Vivado\2022.2\lib\win64.o\libboost_iostreams.dll
0x00007ffff7c10000 - 0x00007ffff7c1c000 	C:\WINDOWS\SYSTEM32\netutils.dll
0x00007ffff8720000 - 0x00007ffff8789000 	C:\WINDOWS\SYSTEM32\MSWSOCK.DLL
0x00007fffdd090000 - 0x00007fffdd0b4000 	C:\Xilinx\Vivado\2022.2\lib\win64.o\libisl_iosutils.dll
0x00007fff932a0000 - 0x00007fff935b6000 	C:\Xilinx\Vivado\2022.2\lib\win64.o\libXil_lmgr11.dll
0x00007ffffa6a0000 - 0x00007ffffa797000 	C:\WINDOWS\System32\COMDLG32.dll
0x00007ffffb7c0000 - 0x00007ffffbb49000 	C:\WINDOWS\System32\combase.dll
0x00007ffff9dd0000 - 0x00007ffff9ec1000 	C:\WINDOWS\System32\shcore.dll
0x00007ffffb640000 - 0x00007ffffb717000 	C:\WINDOWS\System32\OLEAUT32.dll
0x00007ffffa810000 - 0x00007ffffa9ac000 	C:\WINDOWS\System32\ole32.dll
0x00007ffff03f0000 - 0x00007ffff040f000 	C:\WINDOWS\SYSTEM32\dhcpcsvc.DLL
0x00007ffff8820000 - 0x00007ffff8848000 	C:\WINDOWS\SYSTEM32\USERENV.dll
0x00007fffe2350000 - 0x00007fffe2403000 	C:\WINDOWS\WinSxS\amd64_microsoft.windows.common-controls_6595b64144ccf1df_5.82.22621.608_none_fb280a3c7926c2cc\COMCTL32.dll
0x00007ffffb600000 - 0x00007ffffb631000 	C:\WINDOWS\System32\IMM32.DLL
0x00007ffff8ab0000 - 0x00007ffff8ac2000 	C:\WINDOWS\SYSTEM32\MSASN1.dll
0x00007ffff8980000 - 0x00007ffff899b000 	C:\WINDOWS\SYSTEM32\CRYPTSP.dll
0x00007ffff8280000 - 0x00007ffff8298000 	C:\WINDOWS\SYSTEM32\kernel.appcore.dll
0x00007ffff81f0000 - 0x00007ffff8225000 	C:\WINDOWS\system32\rsaenh.dll
0x00007ffff89a0000 - 0x00007ffff89ac000 	C:\WINDOWS\SYSTEM32\CRYPTBASE.dll
0x00007ffff9830000 - 0x00007ffff98ab000 	C:\WINDOWS\System32\bcryptPrimitives.dll
0x00007ffff9c10000 - 0x00007ffff9c2f000 	C:\WINDOWS\System32\imagehlp.dll
0x00007fff7fde0000 - 0x00007fff80313000 	C:\Xilinx\Vivado\2022.2\lib\win64.o\librdi_commontasks.dll
0x00007ffff2820000 - 0x00007ffff282a000 	C:\WINDOWS\SYSTEM32\VERSION.dll
0x00007fff7fab0000 - 0x00007fff7fdd5a00 	C:\Xilinx\Vivado\2022.2\lib\win64.o\librdi_sio.dll
0x00007ffff7c90000 - 0x00007ffff7cbd000 	C:\WINDOWS\SYSTEM32\IPHLPAPI.DLL
0x00007fff7b540000 - 0x00007fff7c08d000 	C:\Xilinx\Vivado\2022.2\tps\win64\jre11.0.11_9\bin\server\jvm.dll
0x00007ffffb7b0000 - 0x00007ffffb7b8000 	C:\WINDOWS\System32\PSAPI.DLL
0x00007ffff0920000 - 0x00007ffff0954000 	C:\WINDOWS\SYSTEM32\WINMM.dll
0x00007ffff84e0000 - 0x00007ffff8522000 	C:\WINDOWS\SYSTEM32\SspiCli.dll
0x00007fffc37c0000 - 0x00007fffc37d7000 	C:\WINDOWS\system32\napinsp.dll
0x00007fffc3770000 - 0x00007fffc378b000 	C:\WINDOWS\system32\pnrpnsp.dll
0x00007ffff7cc0000 - 0x00007ffff7db3000 	C:\WINDOWS\SYSTEM32\DNSAPI.dll
0x00007ffffa800000 - 0x00007ffffa809000 	C:\WINDOWS\System32\NSI.dll
0x00007fffc3750000 - 0x00007fffc3761000 	C:\WINDOWS\System32\winrnr.dll
0x00007fffefd50000 - 0x00007fffefd65000 	C:\WINDOWS\system32\wshbth.dll
0x00007fffc3720000 - 0x00007fffc3741000 	C:\WINDOWS\system32\nlansp_c.dll
0x00007ffff7120000 - 0x00007ffff79ee000 	C:\WINDOWS\SYSTEM32\windows.storage.dll
0x00007ffff6fe0000 - 0x00007ffff711e000 	C:\WINDOWS\SYSTEM32\wintypes.dll
0x00007fff6f9a0000 - 0x00007fff726c5000 	C:\Xilinx\Vivado\2022.2\lib\win64.o\librdi_tcltasks.dll
0x00007fff78ba0000 - 0x00007fff7907d000 	C:\Xilinx\Vivado\2022.2\lib\win64.o\librdi_bitstream.dll
0x00007fffd9410000 - 0x00007fffd9454000 	C:\Xilinx\Vivado\2022.2\lib\win64.o\libboost_serialization.dll
0x00007fffc30a0000 - 0x00007fffc3120000 	C:\Xilinx\Vivado\2022.2\lib\win64.o\librdi_boarddep.dll
0x00007fff9cd00000 - 0x00007fff9cee3000 	C:\Xilinx\Vivado\2022.2\lib\win64.o\librdi_board.dll
0x00007fffa17f0000 - 0x00007fffa1917000 	C:\Xilinx\Vivado\2022.2\lib\win64.o\librdi_chipscope.dll
0x00007fff92860000 - 0x00007fff92a62000 	C:\Xilinx\Vivado\2022.2\lib\win64.o\librdi_chipscopeimpl.dll
0x00007fff6d770000 - 0x00007fff6f99c000 	C:\Xilinx\Vivado\2022.2\lib\win64.o\librdi_constraints.dll
0x00007fffa0d70000 - 0x00007fffa0ed5000 	C:\Xilinx\Vivado\2022.2\lib\win64.o\librdi_containers.dll
0x00007fff6b180000 - 0x00007fff6d765000 	C:\Xilinx\Vivado\2022.2\lib\win64.o\librdi_coregen.dll
0x00007fff69170000 - 0x00007fff6b17d000 	C:\Xilinx\Vivado\2022.2\lib\win64.o\librdi_designutils.dll
0x00007fff67c80000 - 0x00007fff69165000 	C:\Xilinx\Vivado\2022.2\lib\win64.o\librdi_device.dll
0x00007fff7b1b0000 - 0x00007fff7b533000 	C:\Xilinx\Vivado\2022.2\lib\win64.o\librdi_dlyest.dll
0x00007fff675a0000 - 0x00007fff67c7b000 	C:\Xilinx\Vivado\2022.2\lib\win64.o\librdi_drc.dll
0x00007fffb04c0000 - 0x00007fffb0574000 	C:\Xilinx\Vivado\2022.2\lib\win64.o\librdi_dsp.dll
0x00007fff66640000 - 0x00007fff66cd5000 	C:\Xilinx\Vivado\2022.2\lib\win64.o\librdi_filemgmt.dll
0x00007fff67270000 - 0x00007fff6759b000 	C:\Xilinx\Vivado\2022.2\lib\win64.o\librdi_guitools.dll
0x00007fffc0350000 - 0x00007fffc03bb000 	C:\Xilinx\Vivado\2022.2\lib\win64.o\librdi_hdf.dll
0x00007fff66380000 - 0x00007fff6663d000 	C:\Xilinx\Vivado\2022.2\lib\win64.o\librdi_hip_devdesign.dll
0x00007fffa01a0000 - 0x00007fffa02e7000 	C:\Xilinx\Vivado\2022.2\lib\win64.o\librdi_hip_perf_analysis.dll
0x00007fff65460000 - 0x00007fff6637b000 	C:\Xilinx\Vivado\2022.2\lib\win64.o\librdi_implflow.dll
0x00007fff64620000 - 0x00007fff65453000 	C:\Xilinx\Vivado\2022.2\lib\win64.o\librdi_ippcw.dll
0x00007fff63e70000 - 0x00007fff64611000 	C:\Xilinx\Vivado\2022.2\lib\win64.o\librdi_lopt.dll
0x00007fff63810000 - 0x00007fff63e65000 	C:\Xilinx\Vivado\2022.2\lib\win64.o\librdi_memdata.dll
0x00007fffbd440000 - 0x00007fffbd4bd000 	C:\Xilinx\Vivado\2022.2\lib\win64.o\librdi_memoryarray.dll
0x00007fff60f40000 - 0x00007fff63805000 	C:\Xilinx\Vivado\2022.2\lib\win64.o\librdi_mig.dll
0x00007fff607d0000 - 0x00007fff60f3d000 	C:\Xilinx\Vivado\2022.2\lib\win64.o\librdi_netlist.dll
0x00007fffbd6b0000 - 0x00007fffbd70b000 	C:\Xilinx\Vivado\2022.2\lib\win64.o\librdi_pfi.dll
0x00007fff5d6b0000 - 0x00007fff607d0000 	C:\Xilinx\Vivado\2022.2\lib\win64.o\librdi_place.dll
0x00007fff5d240000 - 0x00007fff5d6b0000 	C:\Xilinx\Vivado\2022.2\lib\win64.o\librdi_platform.dll
0x00007fff5c960000 - 0x00007fff5d234000 	C:\Xilinx\Vivado\2022.2\lib\win64.o\librdi_power.dll
0x00007fff5c1f0000 - 0x00007fff5c957000 	C:\Xilinx\Vivado\2022.2\lib\win64.o\librdi_project.dll
0x00007fff5bab0000 - 0x00007fff5c1e5000 	C:\Xilinx\Vivado\2022.2\lib\win64.o\librdi_psta.dll
0x00007fff5b160000 - 0x00007fff5bab0000 	C:\Xilinx\Vivado\2022.2\lib\win64.o\librdi_rsb.dll
0x00007fff5abf0000 - 0x00007fff5b153000 	C:\Xilinx\Vivado\2022.2\lib\win64.o\librdi_runs.dll

dbghelp: loaded successfully - version: 4.0.5 - missing functions: none
symbol engine: initialized successfully - sym options: 0x614 - pdb path: .;C:\Xilinx\Vivado\2022.2\bin\unwrapped\win64.o;C:\WINDOWS\SYSTEM32;C:\Xilinx\Vivado\2022.2\lib\win64.o;C:\WINDOWS\WinSxS\amd64_microsoft.windows.common-controls_6595b64144ccf1df_5.82.22621.608_none_fb280a3c7926c2cc;C:\Xilinx\Vivado\2022.2\tps\win64\jre11.0.11_9\bin\server;C:\Xilinx\Vivado\2022.2\tps\win64\python-3.8.3;C:\Xilinx\Vivado\2022.2\tps\win64\jre11.0.11_9\bin;C:\WINDOWS\WinSxS\amd64_microsoft.windows.common-controls_6595b64144ccf1df_6.0.22621.1635_none_270f70857386168e

VM Arguments:
jvm_args: -Dsun.java2d.pmoffscreen=false -Dhttps.protocols=TLSv1,TLSv1.1,TLSv1.2 -Dsun.java2d.xrender=false -Dsun.java2d.d3d=false -Dsun.awt.nopixfmt=true -Dsun.java2d.dpiaware=true -Dsun.java2d.uiScale.enabled=false -Xverify:none -Dswing.aatext=true -XX:-UsePerfData -Djdk.map.althashing.threshold=512 -XX:StringTableSize=4072 --add-opens=java.desktop/com.sun.awt=ALL-UNNAMED --add-opens=java.desktop/javax.swing.plaf.synth=ALL-UNNAMED --add-opens=java.base/java.nio=ALL-UNNAMED --add-opens=java.desktop/sun.swing=ALL-UNNAMED --add-opens=java.desktop/javax.swing=ALL-UNNAMED --add-opens=java.desktop/javax.swing.tree=ALL-UNNAMED --add-opens=java.desktop/javax.swing.plaf.basic=ALL-UNNAMED --add-opens=java.desktop/javax.swing.plaf.synth=ALL-UNNAMED --add-opens=java.desktop/javax.swing.plaf.basic=ALL-UNNAMED --add-opens=java.desktop/javax.swing=ALL-UNNAMED --add-opens=java.desktop/javax.swing.tree=ALL-UNNAMED --add-opens=java.desktop/java.awt.event=ALL-UNNAMED --add-exports=java.desktop/javax.swing.plaf.synth=ALL-UNNAMED --add-exports=java.base/java.nio=ALL-UNNAMED --add-exports=java.desktop/sun.swing=ALL-UNNAMED --add-exports=java.desktop/javax.swing=ALL-UNNAMED --add-exports=java.desktop/javax.swing.tree=ALL-UNNAMED --add-exports=java.desktop/javax.swing.plaf.basic=ALL-UNNAMED --add-exports=java.desktop/sun.swing=ALL-UNNAMED --add-exports=java.desktop/sun.swing.table=ALL-UNNAMED --add-exports=java.desktop/sun.swing.plaf.synth=ALL-UNNAMED --add-exports=java.desktop/sun.awt.shell=ALL-UNNAMED --add-exports=java.base/sun.security.action=ALL-UNNAMED --add-exports=java.desktop/sun.font=ALL-UNNAMED -XX:NewSize=60m -XX:MaxNewSize=60m -Xms256m -Xmx3072m -Xss5m 
java_command: <unknown>
java_class_path (initial): C:/Xilinx/Vivado/2022.2\lib\classes\alloy.jar;C:/Xilinx/Vivado/2022.2\lib\classes\asm-9.3.jar;C:/Xilinx/Vivado/2022.2\lib\classes\asm-analysis-9.3.jar;C:/Xilinx/Vivado/2022.2\lib\classes\asm-commons-9.3.jar;C:/Xilinx/Vivado/2022.2\lib\classes\asm-tree-9.3.jar;C:/Xilinx/Vivado/2022.2\lib\classes\autoesl-models.jar;C:/Xilinx/Vivado/2022.2\lib\classes\batik-anim.jar;C:/Xilinx/Vivado/2022.2\lib\classes\batik-awt-util.jar;C:/Xilinx/Vivado/2022.2\lib\classes\batik-bridge.jar;C:/Xilinx/Vivado/2022.2\lib\classes\batik-codec.jar;C:/Xilinx/Vivado/2022.2\lib\classes\batik-css.jar;C:/Xilinx/Vivado/2022.2\lib\classes\batik-dom.jar;C:/Xilinx/Vivado/2022.2\lib\classes\batik-ext.jar;C:/Xilinx/Vivado/2022.2\lib\classes\batik-gui-util.jar;C:/Xilinx/Vivado/2022.2\lib\classes\batik-gvt.jar;C:/Xilinx/Vivado/2022.2\lib\classes\batik-parser.jar;C:/Xilinx/Vivado/2022.2\lib\classes\batik-script.jar;C:/Xilinx/Vivado/2022.2\lib\classes\batik-svg-dom.jar;C:/Xilinx/Vivado/2022.2\lib\classes\batik-svggen.jar;C:/Xilinx/Vivado/2022.2\lib\classes\batik-swing.jar;C:/Xilinx/Vivado/2022.2\lib\classes\batik-transcoder.jar;C:/Xilinx/Vivado/2022.2\lib\classes\batik-util.jar;C:/Xilinx/Vivado/2022.2\lib\classes\batik-xml.jar;C:/Xilinx/Vivado/2022.2\lib\classes\com.fasterxml.jackson.core.jackson-annotations_2.12.1.v20210128-1726.jar;C:/Xilinx/Vivado/2022.2\lib\classes\com.fasterxml.jackson.core.jackson-core_2.12.1.v20210128-1726.jar;C:/Xilinx/Vivado/2022.2\lib\classes\com.fasterxml.jackson.core.jackson-databind_2.12.1.v20210128-1726.jar;C:/Xilinx/Vivado/2022.2\lib\classes\com.google.gson_2.8.7.v20210624-1215.jar;C:/Xilinx/Vivado/2022.2\lib\classes\com.google.guava_30.1.0.v20210127-2300.jar;C:/Xilinx/Vivado/2022.2\lib\classes\com.sigasi.hdt.connection_4.15.0.202201101137.jar;C:/Xilinx/Vivado/2022.2\lib\classes\com.sigasi.hdt.epl_4.15.0.202201101137.jar;C:/Xilinx/Vivado/2022.2\lib\classes\com.sigasi.hdt.project_4.15.0.202201101137.jar;C:/Xilinx/Vivado/2022.2\lib\classes\com.sigasi
Launcher Type: generic

[Global flags]
     bool BytecodeVerificationLocal                = false                                     {product} {command line}
     bool BytecodeVerificationRemote               = false                                     {product} {command line}
     intx CICompilerCount                          = 4                                         {product} {ergonomic}
     uint ConcGCThreads                            = 2                                         {product} {ergonomic}
     uint G1ConcRefinementThreads                  = 8                                         {product} {ergonomic}
   size_t G1HeapRegionSize                         = 1048576                                   {product} {ergonomic}
    uintx GCDrainStackTargetSize                   = 64                                        {product} {ergonomic}
   size_t InitialHeapSize                          = 268435456                                 {product} {command line}
   size_t MarkStackSize                            = 4194304                                   {product} {ergonomic}
   size_t MaxHeapSize                              = 3221225472                                {product} {command line}
   size_t MaxNewSize                               = 62914560                                  {product} {command line}
   size_t MinHeapDeltaBytes                        = 1048576                                   {product} {ergonomic}
   size_t NewSize                                  = 62914560                                  {product} {command line}
    uintx NonNMethodCodeHeapSize                   = 5836300                                {pd product} {ergonomic}
    uintx NonProfiledCodeHeapSize                  = 122910970                              {pd product} {ergonomic}
    uintx ProfiledCodeHeapSize                     = 122910970                              {pd product} {ergonomic}
    uintx ReservedCodeCacheSize                    = 251658240                              {pd product} {ergonomic}
     bool SegmentedCodeCache                       = true                                      {product} {ergonomic}
    uintx StringTableSize                          = 4072                                      {product} {command line}
     intx ThreadStackSize                          = 5120                                   {pd product} {command line}
     bool UseCompressedClassPointers               = true                                 {lp64_product} {ergonomic}
     bool UseCompressedOops                        = true                                 {lp64_product} {ergonomic}
     bool UseG1GC                                  = true                                      {product} {ergonomic}
     bool UseLargePagesIndividualAllocation        = false                                  {pd product} {ergonomic}
     bool UsePerfData                              = false                                     {product} {command line}

Logging:
Log output configuration:
 #0: stdout all=warning uptime,level,tags
 #1: stderr all=off uptime,level,tags

Environment Variables:
PATH=C:/Xilinx/Vivado/2022.2/bin;C:/Xilinx/Vivado/2022.2/tps/win64/java-cef-95.0.4638.69/bin/lib/win64;C:/Xilinx/Vivado/2022.2/tps/win64/javafx-sdk-11.0.2/lib;C:/Xilinx/Vivado/2022.2/tps/win64/javafx-sdk-11.0.2/bin;C:/Xilinx/Vivado/2022.2/lib/win64.o;C:/Xilinx/Vivado/2022.2/tps/win64/jre11.0.11_9/bin/server;C:/Xilinx/Vivado/2022.2/tps/win64/jre11.0.11_9/bin;C:/Xilinx/Vivado/2022.2/ids_lite/ISE/bin/nt64;C:/Xilinx/Vivado/2022.2/ids_lite/ISE/lib/nt64;C:/Xilinx/Vitis_HLS/2022.2/bin;C:\Windows\system32;C:\Windows;C:\Windows\System32\Wbem;C:\Windows\System32\WindowsPowerShell\v1.0\;C:\Windows\System32\OpenSSH\;C:\Program Files (x86)\NVIDIA Corporation\PhysX\Common;C:\Program Files\NVIDIA Corporation\NVIDIA NvDLISR;C:\MinGW\bin;C:\Program Files\MATLAB\R2022a\bin;C:\Program Files\nodejs\;C:\Program Files\dotnet\;C:\Users\asrin\AppData\Local\Microsoft\WindowsApps;;C:\Users\asrin\AppData\Local\Programs\Microsoft VS Code\bin;C:\Users\asrin\AppData\Roaming\npm;C:/Xilinx/Vivado/2022.2\tps\mingw\6.2.0\win64.o\nt\bin;C:/Xilinx/Vivado/2022.2\tps\mingw\6.2.0\win64.o\nt\libexec\gcc\x86_64-w64-mingw32\6.2.0;C:/Xilinx/Vivado/2022.2\tps\win64\python-3.8.3;C:/Xilinx/Vivado/2022.2\tps\win64\python-3.8.3\bin;C:/Xilinx/Vivado/2022.2\tps\win64\python-3.8.3\lib;C:/Xilinx/Vivado/2022.2\tps\win64\python-3.8.3\lib\site-packages
USERNAME=Aditya
OS=Windows_NT
PROCESSOR_IDENTIFIER=Intel64 Family 6 Model 126 Stepping 5, GenuineIntel



---------------  S Y S T E M  ---------------

OS: Windows 10 , 64 bit Build 22621 (10.0.22621.1778)
OS uptime: 0 days 6:28 hours
Hyper-V role detected

CPU:total 8 (initial active 8) (4 cores per cpu, 2 threads per core) family 6 model 126 stepping 5 microcode 0x86, cmov, cx8, fxsr, mmx, sse, sse2, sse3, ssse3, sse4.1, sse4.2, popcnt, avx, avx2, aes, clmul, erms, 3dnowpref, lzcnt, ht, tsc, tscinvbit, bmi1, bmi2, adx, evex, sha, fma

Memory: 4k page, system-wide physical 7955M (1098M free)
TotalPageFile size 13587M (AvailPageFile size 2306M)
current process WorkingSet (physical memory assigned to process): 618M, peak: 618M
current process commit charge ("private bytes"): 742M, peak: 759M

vm_info: OpenJDK 64-Bit Server VM (11.0.11+9) for windows-amd64 JRE (11.0.11+9), built on Apr  9 2021 19:32:08 by "" with MS VC++ 15.5 (VS2017)

END.
